2026-01-25 23:36:58,870 [INFO] Activator:176 - 


2026-01-25 23:36:58,871 [INFO] Activator:177 - !SESSION log4j initialized
2026-01-25 23:37:01,763 [INFO] LogOutputStream:77 - [STDOUT_REDIRECT] 
2026-01-25 23:37:25,636 [INFO] ApplicationProperties:184 - Using Application install path: C:\ST\STM32CubeIDE_1.19.0\STM32CubeIDE\plugins\com.st.stm32cube.common.mx_6.15.0.202507011659
2026-01-25 23:37:25,648 [INFO] DbMcusXml:78 - Set database path to: C:\ST\STM32CubeIDE_1.19.0\STM32CubeIDE\plugins\com.st.stm32cube.common.mx_6.15.0.202507011659\\db\/mcu/
2026-01-25 23:37:25,648 [INFO] ApiDb:274 - Set plugin database path to: C:\ST\STM32CubeIDE_1.19.0\STM32CubeIDE\plugins\com.st.stm32cube.common.mx_6.15.0.202507011659\\db\/plugins/boardmanager/
2026-01-25 23:37:25,648 [WARN] ApiDb:259 - Overriding images path with different value:  => C:\ST\STM32CubeIDE_1.19.0\STM32CubeIDE\plugins\com.st.stm32cube.common.mx_6.15.0.202507011659\\db\/plugins/mcufinder/images/
2026-01-25 23:37:26,738 [INFO] ApiDb:250 - Set database path to: C:\Users\JT\.stmcufinder\plugins\mcufinder//mcu/
2026-01-25 23:37:26,739 [INFO] DbMcusAds:125 - Set database path to: C:\Users\JT\.stmcufinder\plugins\mcufinder//mcu/
2026-01-25 23:37:26,746 [INFO] CrossReferenceDbSqlite:203 - Set database path to: C:\Users\JT\.stmcufinder\plugins\mcufinder//mcu/cs/
2026-01-25 23:37:26,836 [INFO] RulesReader:64 - Compatibility file has been processed (317 Rules)
2026-01-25 23:37:26,888 [INFO] DbMcusXml:78 - Set database path to: C:\ST\STM32CubeIDE_1.19.0\STM32CubeIDE\plugins\com.st.stm32cube.common.mx_6.15.0.202507011659\\db\/mcu/
2026-01-25 23:37:26,888 [INFO] ApiDb:274 - Set plugin database path to: C:\ST\STM32CubeIDE_1.19.0\STM32CubeIDE\plugins\com.st.stm32cube.common.mx_6.15.0.202507011659\\db\/plugins/boardmanager/
2026-01-25 23:37:26,889 [INFO] ApiDb:261 - Set plugin images path to: C:\ST\STM32CubeIDE_1.19.0\STM32CubeIDE\plugins\com.st.stm32cube.common.mx_6.15.0.202507011659\\db\/plugins/mcufinder/images/
2026-01-25 23:37:26,889 [WARN] DbFile:41 - Overriding database path with different value: C:\Users\JT\.stmcufinder\plugins\mcufinder/ => C:\Users\JT\.stmcufinder\plugins\mcufinder
2026-01-25 23:37:26,889 [INFO] ApiDb:250 - Set database path to: C:\Users\JT\.stmcufinder\plugins\mcufinder//mcu/
2026-01-25 23:37:26,889 [WARN] DbFile:41 - Overriding database path with different value: C:\Users\JT\.stmcufinder\plugins\mcufinder/ => C:\Users\JT\.stmcufinder\plugins\mcufinder
2026-01-25 23:37:26,889 [INFO] DbMcusAds:125 - Set database path to: C:\Users\JT\.stmcufinder\plugins\mcufinder//mcu/
2026-01-25 23:37:26,889 [WARN] DbFile:41 - Overriding database path with different value: C:\Users\JT\.stmcufinder\plugins\mcufinder/ => C:\Users\JT\.stmcufinder\plugins\mcufinder
2026-01-25 23:37:26,889 [WARN] DbFile:41 - Overriding database path with different value: C:\Users\JT\.stmcufinder\plugins\mcufinder/ => C:\Users\JT\.stmcufinder\plugins\mcufinder
2026-01-25 23:37:26,889 [INFO] CrossReferenceDbSqlite:203 - Set database path to: C:\Users\JT\.stmcufinder\plugins\mcufinder//mcu/cs/
2026-01-25 23:37:26,944 [INFO] MainPanel:274 - HeapMemory: 268435456
2026-01-25 23:37:27,028 [INFO] DbMcusXml:78 - Set database path to: C:\ST\STM32CubeIDE_1.19.0\STM32CubeIDE\plugins\com.st.stm32cube.common.mx_6.15.0.202507011659\\db\/mcu/
2026-01-25 23:37:27,028 [INFO] ApiDb:274 - Set plugin database path to: C:\ST\STM32CubeIDE_1.19.0\STM32CubeIDE\plugins\com.st.stm32cube.common.mx_6.15.0.202507011659\\db\/plugins/boardmanager/
2026-01-25 23:37:27,028 [INFO] ApiDb:261 - Set plugin images path to: C:\ST\STM32CubeIDE_1.19.0\STM32CubeIDE\plugins\com.st.stm32cube.common.mx_6.15.0.202507011659\\db\/plugins/mcufinder/images/
2026-01-25 23:37:27,028 [WARN] DbFile:41 - Overriding database path with different value: C:\Users\JT\.stmcufinder\plugins\mcufinder/ => C:\Users\JT\.stmcufinder\plugins\mcufinder
2026-01-25 23:37:27,028 [INFO] ApiDb:250 - Set database path to: C:\Users\JT\.stmcufinder\plugins\mcufinder//mcu/
2026-01-25 23:37:27,028 [WARN] DbFile:41 - Overriding database path with different value: C:\Users\JT\.stmcufinder\plugins\mcufinder/ => C:\Users\JT\.stmcufinder\plugins\mcufinder
2026-01-25 23:37:27,029 [INFO] DbMcusAds:125 - Set database path to: C:\Users\JT\.stmcufinder\plugins\mcufinder//mcu/
2026-01-25 23:37:27,029 [WARN] DbFile:41 - Overriding database path with different value: C:\Users\JT\.stmcufinder\plugins\mcufinder/ => C:\Users\JT\.stmcufinder\plugins\mcufinder
2026-01-25 23:37:27,029 [WARN] DbFile:41 - Overriding database path with different value: C:\Users\JT\.stmcufinder\plugins\mcufinder/ => C:\Users\JT\.stmcufinder\plugins\mcufinder
2026-01-25 23:37:27,029 [INFO] CrossReferenceDbSqlite:203 - Set database path to: C:\Users\JT\.stmcufinder\plugins\mcufinder//mcu/cs/
2026-01-25 23:37:27,042 [INFO] ApplicationProperties:184 - Using Application install path: C:\ST\STM32CubeIDE_1.19.0\STM32CubeIDE\plugins\com.st.stm32cube.common.mx_6.15.0.202507011659
2026-01-25 23:37:27,043 [INFO] PluginManage:196 - Search for loadable plugins [exclusion list=, ]
2026-01-25 23:37:27,044 [INFO] PluginManage:310 - Check plugin analytics
2026-01-25 23:37:27,237 [INFO] AnalyticsPlugin:253 - Accepted Software Licenses: STM32CubeMX.6.13.0
2026-01-25 23:37:27,237 [INFO] AnalyticsPlugin:255 - Accepted CMSIS Pack Licenses: 
2026-01-25 23:37:27,237 [INFO] AnalyticsPlugin:257 - Accepted Firmware Licenses: 
2026-01-25 23:37:27,240 [INFO] PluginManage:359 - Loaded plugin analytics (category:tool,tabindex:-1)
2026-01-25 23:37:27,240 [INFO] PluginManage:310 - Check plugin cadmodel
2026-01-25 23:37:27,245 [INFO] CADModel:105 - Init CAD model plugin
2026-01-25 23:37:27,245 [INFO] PluginManage:359 - Loaded plugin cadmodel (category:power,tabindex:5)
2026-01-25 23:37:27,245 [INFO] PluginManage:310 - Check plugin clock
2026-01-25 23:37:27,253 [INFO] PluginManage:359 - Loaded plugin clock (category:base,tabindex:2)
2026-01-25 23:37:27,253 [INFO] PluginManage:310 - Check plugin ddr
2026-01-25 23:37:27,256 [INFO] PluginManage:359 - Loaded plugin ddr (category:tool,tabindex:6)
2026-01-25 23:37:27,256 [INFO] PluginManage:310 - Check plugin filemanager
2026-01-25 23:37:27,356 [INFO] PluginManage:359 - Loaded plugin filemanager (category:base,tabindex:10)
2026-01-25 23:37:27,356 [INFO] PluginManage:310 - Check plugin ipmanager
2026-01-25 23:37:27,361 [INFO] PluginManage:359 - Loaded plugin ipmanager (category:base,tabindex:5)
2026-01-25 23:37:27,361 [INFO] PluginManage:310 - Check plugin lpbam
2026-01-25 23:37:27,367 [INFO] PluginManage:359 - Loaded plugin lpbam (category:base,tabindex:0)
2026-01-25 23:37:27,367 [INFO] PluginManage:310 - Check plugin memorymap
2026-01-25 23:37:27,374 [INFO] PluginManage:359 - Loaded plugin memorymap (category:base,tabindex:4)
2026-01-25 23:37:27,374 [INFO] PluginManage:310 - Check plugin pinoutandconfiguration
2026-01-25 23:37:27,380 [INFO] PluginManage:359 - Loaded plugin pinoutandconfiguration (category:base,tabindex:1)
2026-01-25 23:37:27,380 [INFO] PluginManage:310 - Check plugin pinoutconfig
2026-01-25 23:37:27,437 [WARN] SupportedApi:132 - Cannot load RTOS API schema: s4s-elt-must-match.1: The content of 'definitions' must match (annotation?, (simpleType | complexType)?, (unique | key | keyref)*)). A problem was found starting at: attribute.
2026-01-25 23:37:27,519 [INFO] PluginManage:359 - Loaded plugin pinoutconfig (category:base,tabindex:0)
2026-01-25 23:37:27,519 [INFO] PluginManage:310 - Check plugin power
2026-01-25 23:37:27,524 [INFO] PluginManage:359 - Loaded plugin power (category:power,tabindex:4)
2026-01-25 23:37:27,524 [INFO] PluginManage:310 - Check plugin projectmanager
2026-01-25 23:37:27,534 [INFO] PluginManage:359 - Loaded plugin projectmanager (category:projectmanager,tabindex:4)
2026-01-25 23:37:27,534 [INFO] PluginManage:310 - Check plugin rif
2026-01-25 23:37:27,540 [INFO] PluginManage:359 - Loaded plugin rif (category:base,tabindex:3)
2026-01-25 23:37:27,540 [INFO] PluginManage:310 - Check plugin thirdparty
2026-01-25 23:37:27,627 [WARN] IntegrityCheckThread:84 - waiting for thirdparty lock release [integrity check]
2026-01-25 23:37:27,628 [INFO] IntegrityCheckThread:86 - entering critical section [integrity check]
2026-01-25 23:37:27,628 [INFO] ThirdPartyUpdaterWithRetryManager:70 - Updater plugin not ready yet. [1/15]
2026-01-25 23:37:27,628 [INFO] PluginManage:359 - Loaded plugin thirdparty (category:base,tabindex:-1)
2026-01-25 23:37:27,628 [INFO] PluginManage:310 - Check plugin tools
2026-01-25 23:37:27,630 [INFO] PluginManage:359 - Loaded plugin tools (category:base,tabindex:7)
2026-01-25 23:37:27,630 [INFO] PluginManage:310 - Check plugin tutovideos
2026-01-25 23:37:27,771 [INFO] PluginManage:359 - Loaded plugin tutovideos (category:base,tabindex:-1)
2026-01-25 23:37:27,771 [INFO] PluginManage:310 - Check plugin updater
2026-01-25 23:37:27,789 [INFO] PluginManage:359 - Loaded plugin updater (category:base,tabindex:12)
2026-01-25 23:37:27,789 [INFO] PluginManage:310 - Check plugin userauth
2026-01-25 23:37:27,792 [INFO] UserAuth:118 - Init User Auth plugin
2026-01-25 23:37:27,792 [INFO] PluginManage:359 - Loaded plugin userauth (category:base,tabindex:14)
2026-01-25 23:37:27,793 [INFO] PluginManage:283 - PluginManage : Loaded plugins [18]
2026-01-25 23:37:27,951 [INFO] PinOutPanel:1589 - setPackage(No Configuration,No Configuration)
2026-01-25 23:37:28,016 [INFO] CADModel:165 - CPN selected for project level
2026-01-25 23:37:28,016 [INFO] CADModel:114 - Register for checkConnection events
2026-01-25 23:37:28,028 [INFO] IPUIPlugin:80 - create IPUIPlugin
2026-01-25 23:37:28,029 [INFO] PluginManager:220 - loadIPPluginJar : add adc
2026-01-25 23:37:28,030 [INFO] IPUIPlugin:80 - create IPUIPlugin
2026-01-25 23:37:28,030 [INFO] PluginManager:220 - loadIPPluginJar : add aes
2026-01-25 23:37:28,032 [INFO] IPUIPlugin:80 - create IPUIPlugin
2026-01-25 23:37:28,032 [INFO] PluginManager:220 - loadIPPluginJar : add can
2026-01-25 23:37:28,033 [INFO] IPUIPlugin:80 - create IPUIPlugin
2026-01-25 23:37:28,033 [INFO] PluginManager:220 - loadIPPluginJar : add comp
2026-01-25 23:37:28,034 [INFO] IPUIPlugin:80 - create IPUIPlugin
2026-01-25 23:37:28,034 [INFO] PluginManager:220 - loadIPPluginJar : add cryp
2026-01-25 23:37:28,036 [INFO] IPUIPlugin:80 - create IPUIPlugin
2026-01-25 23:37:28,037 [INFO] PluginManager:220 - loadIPPluginJar : add ddr_ctrl_phy
2026-01-25 23:37:28,038 [INFO] IPUIPlugin:80 - create IPUIPlugin
2026-01-25 23:37:28,039 [INFO] PluginManager:220 - loadIPPluginJar : add dfsdm
2026-01-25 23:37:28,042 [INFO] IPUIPlugin:80 - create IPUIPlugin
2026-01-25 23:37:28,043 [INFO] PluginManager:220 - loadIPPluginJar : add dma
2026-01-25 23:37:28,044 [INFO] IPUIPlugin:80 - create IPUIPlugin
2026-01-25 23:37:28,044 [INFO] PluginManager:220 - loadIPPluginJar : add dma3
2026-01-25 23:37:28,046 [INFO] IPUIPlugin:80 - create IPUIPlugin
2026-01-25 23:37:28,046 [INFO] PluginManager:220 - loadIPPluginJar : add extmemmanager
2026-01-25 23:37:28,047 [INFO] IPUIPlugin:80 - create IPUIPlugin
2026-01-25 23:37:28,048 [INFO] PluginManager:220 - loadIPPluginJar : add fatfs
2026-01-25 23:37:28,050 [INFO] IPUIPlugin:80 - create IPUIPlugin
2026-01-25 23:37:28,050 [INFO] PluginManager:220 - loadIPPluginJar : add fmc
2026-01-25 23:37:28,053 [INFO] IPUIPlugin:80 - create IPUIPlugin
2026-01-25 23:37:28,054 [INFO] PluginManager:220 - loadIPPluginJar : add freertos
2026-01-25 23:37:28,056 [INFO] IPUIPlugin:80 - create IPUIPlugin
2026-01-25 23:37:28,056 [INFO] PluginManager:220 - loadIPPluginJar : add genericplugin
2026-01-25 23:37:28,057 [INFO] IPUIPlugin:80 - create IPUIPlugin
2026-01-25 23:37:28,058 [INFO] PluginManager:220 - loadIPPluginJar : add gfxmmu
2026-01-25 23:37:28,060 [INFO] IPUIPlugin:80 - create IPUIPlugin
2026-01-25 23:37:28,060 [INFO] PluginManager:220 - loadIPPluginJar : add gic
2026-01-25 23:37:28,063 [INFO] IPUIPlugin:80 - create IPUIPlugin
2026-01-25 23:37:28,063 [INFO] PluginManager:220 - loadIPPluginJar : add gpio
2026-01-25 23:37:28,064 [INFO] IPUIPlugin:80 - create IPUIPlugin
2026-01-25 23:37:28,064 [INFO] PluginManager:220 - loadIPPluginJar : add gtzc
2026-01-25 23:37:28,066 [INFO] IPUIPlugin:80 - create IPUIPlugin
2026-01-25 23:37:28,066 [INFO] PluginManager:220 - loadIPPluginJar : add hash
2026-01-25 23:37:28,068 [INFO] IPUIPlugin:80 - create IPUIPlugin
2026-01-25 23:37:28,068 [INFO] PluginManager:220 - loadIPPluginJar : add i2c
2026-01-25 23:37:28,069 [INFO] IPUIPlugin:80 - create IPUIPlugin
2026-01-25 23:37:28,070 [INFO] PluginManager:220 - loadIPPluginJar : add i2s
2026-01-25 23:37:28,073 [INFO] IPUIPlugin:80 - create IPUIPlugin
2026-01-25 23:37:28,073 [INFO] PluginManager:220 - loadIPPluginJar : add i3c
2026-01-25 23:37:28,076 [INFO] IPUIPlugin:80 - create IPUIPlugin
2026-01-25 23:37:28,076 [INFO] PluginManager:220 - loadIPPluginJar : add ipddr
2026-01-25 23:37:28,081 [INFO] IPUIPlugin:80 - create IPUIPlugin
2026-01-25 23:37:28,081 [INFO] PluginManager:220 - loadIPPluginJar : add linkedlist
2026-01-25 23:37:28,083 [INFO] IPUIPlugin:80 - create IPUIPlugin
2026-01-25 23:37:28,083 [INFO] PluginManager:220 - loadIPPluginJar : add lorawan
2026-01-25 23:37:28,083 [INFO] IPUIPlugin:80 - create IPUIPlugin
2026-01-25 23:37:28,083 [INFO] PluginManager:220 - loadIPPluginJar : add ltdc
2026-01-25 23:37:28,088 [INFO] IPUIPlugin:80 - create IPUIPlugin
2026-01-25 23:37:28,088 [INFO] PluginManager:220 - loadIPPluginJar : add mdma
2026-01-25 23:37:28,090 [INFO] IPUIPlugin:80 - create IPUIPlugin
2026-01-25 23:37:28,090 [INFO] PluginManager:220 - loadIPPluginJar : add nvic
2026-01-25 23:37:28,092 [INFO] IPUIPlugin:80 - create IPUIPlugin
2026-01-25 23:37:28,092 [INFO] PluginManager:220 - loadIPPluginJar : add opamp
2026-01-25 23:37:28,094 [INFO] IPUIPlugin:80 - create IPUIPlugin
2026-01-25 23:37:28,094 [INFO] PluginManager:220 - loadIPPluginJar : add openamp
2026-01-25 23:37:28,096 [INFO] IPUIPlugin:80 - create IPUIPlugin
2026-01-25 23:37:28,096 [INFO] PluginManager:220 - loadIPPluginJar : add pdm2pcm
2026-01-25 23:37:28,100 [INFO] IPUIPlugin:80 - create IPUIPlugin
2026-01-25 23:37:28,102 [INFO] PluginManager:220 - loadIPPluginJar : add plateformsettings
2026-01-25 23:37:28,103 [INFO] IPUIPlugin:80 - create IPUIPlugin
2026-01-25 23:37:28,103 [INFO] PluginManager:220 - loadIPPluginJar : add quadspi
2026-01-25 23:37:28,105 [INFO] IPUIPlugin:80 - create IPUIPlugin
2026-01-25 23:37:28,105 [INFO] PluginManager:220 - loadIPPluginJar : add radio
2026-01-25 23:37:28,108 [INFO] IPUIPlugin:80 - create IPUIPlugin
2026-01-25 23:37:28,108 [INFO] PluginManager:220 - loadIPPluginJar : add resmgrutility
2026-01-25 23:37:28,110 [INFO] IPUIPlugin:80 - create IPUIPlugin
2026-01-25 23:37:28,110 [INFO] PluginManager:220 - loadIPPluginJar : add sai
2026-01-25 23:37:28,112 [INFO] IPUIPlugin:80 - create IPUIPlugin
2026-01-25 23:37:28,112 [INFO] PluginManager:220 - loadIPPluginJar : add spi
2026-01-25 23:37:28,116 [INFO] IPUIPlugin:80 - create IPUIPlugin
2026-01-25 23:37:28,116 [INFO] PluginManager:220 - loadIPPluginJar : add stm32_wpan
2026-01-25 23:37:28,118 [INFO] IPUIPlugin:80 - create IPUIPlugin
2026-01-25 23:37:28,118 [INFO] PluginManager:220 - loadIPPluginJar : add tim
2026-01-25 23:37:28,120 [INFO] IPUIPlugin:80 - create IPUIPlugin
2026-01-25 23:37:28,120 [INFO] PluginManager:220 - loadIPPluginJar : add touchsensing
2026-01-25 23:37:28,122 [INFO] IPUIPlugin:80 - create IPUIPlugin
2026-01-25 23:37:28,122 [INFO] PluginManager:220 - loadIPPluginJar : add tracer_emb
2026-01-25 23:37:28,123 [INFO] IPUIPlugin:80 - create IPUIPlugin
2026-01-25 23:37:28,123 [INFO] PluginManager:220 - loadIPPluginJar : add ts
2026-01-25 23:37:28,125 [INFO] IPUIPlugin:80 - create IPUIPlugin
2026-01-25 23:37:28,125 [INFO] PluginManager:220 - loadIPPluginJar : add tsc
2026-01-25 23:37:28,126 [INFO] IPUIPlugin:80 - create IPUIPlugin
2026-01-25 23:37:28,126 [INFO] PluginManager:220 - loadIPPluginJar : add ucpd
2026-01-25 23:37:28,128 [INFO] IPUIPlugin:80 - create IPUIPlugin
2026-01-25 23:37:28,128 [INFO] PluginManager:220 - loadIPPluginJar : add usart
2026-01-25 23:37:28,130 [INFO] IPUIPlugin:80 - create IPUIPlugin
2026-01-25 23:37:28,130 [INFO] PluginManager:220 - loadIPPluginJar : add usbx
2026-01-25 23:37:28,243 [FATAL] Updater:351 - Updater called before beeing initialized
2026-01-25 23:37:28,262 [INFO] RulesReader:64 - Compatibility file has been processed (317 Rules)
2026-01-25 23:37:28,272 [INFO] RulesReader:64 - Compatibility file has been processed (317 Rules)
2026-01-25 23:37:28,278 [INFO] CADModel:165 - CPN selected for project level
2026-01-25 23:37:28,278 [INFO] CADModel:114 - Register for checkConnection events
2026-01-25 23:37:28,278 [FATAL] Updater:351 - Updater called before beeing initialized
2026-01-25 23:37:28,278 [ERROR] CADModel:125 - Updater not yet initialized, retry later 
2026-01-25 23:37:28,367 [FATAL] Updater:351 - Updater called before beeing initialized
2026-01-25 23:37:28,368 [INFO] CADModel:165 - CPN selected for project level
2026-01-25 23:37:28,368 [INFO] CADModel:114 - Register for checkConnection events
2026-01-25 23:37:28,368 [FATAL] Updater:351 - Updater called before beeing initialized
2026-01-25 23:37:28,369 [ERROR] CADModel:125 - Updater not yet initialized, retry later 
2026-01-25 23:37:28,370 [FATAL] Updater:351 - Updater called before beeing initialized
2026-01-25 23:37:28,443 [FATAL] Updater:351 - Updater called before beeing initialized
2026-01-25 23:37:28,446 [INFO] DbMcusAds:53 - JSON generation date=Wed Sep 29 23:55:09 PDT 2021 (1632984909247)
2026-01-25 23:37:28,446 [FATAL] Updater:351 - Updater called before beeing initialized
2026-01-25 23:37:28,471 [WARN] DetailPanel:346 - Failed to get advertising image, set to default
2026-01-25 23:37:28,533 [FATAL] Updater:351 - Updater called before beeing initialized
2026-01-25 23:37:28,535 [FATAL] Updater:351 - Updater called before beeing initialized
2026-01-25 23:37:28,535 [FATAL] Updater:351 - Updater called before beeing initialized
2026-01-25 23:37:28,535 [WARN] DetailPanel:346 - Failed to get advertising image, set to default
2026-01-25 23:37:28,536 [FATAL] Updater:351 - Updater called before beeing initialized
2026-01-25 23:37:28,566 [ERROR] Updater:1198 - MainUpdater not yet initialized. External WinMGr cannot be set.
2026-01-25 23:37:28,567 [INFO] Updater:1134 - Updater Version found : 6.15.0
2026-01-25 23:37:28,577 [INFO] ApplicationProperties:184 - Using Application install path: C:\ST\STM32CubeIDE_1.19.0\STM32CubeIDE\plugins\com.st.stm32cube.common.mx_6.15.0.202507011659
2026-01-25 23:37:28,609 [INFO] MainUpdater:525 - Copy updater definitions from MX database
2026-01-25 23:37:28,765 [INFO] MainUpdater:2872 - connection check result : 10
2026-01-25 23:37:28,766 [INFO] MainUpdater:3604 - Updater definition file requires update
2026-01-25 23:37:28,766 [INFO] MainUpdater:289 - Updater Check For Update Now.
2026-01-25 23:37:28,766 [INFO] MicroXplorer:498 - Change Database Version : DB.6.0.150
2026-01-25 23:37:28,770 [INFO] McuFinderGlobals:63 - Set McuFinder mode to 2 (CubeIDE integrated)
2026-01-25 23:37:28,771 [INFO] UserAuth:487 - Internet connection configuration mode: 1
2026-01-25 23:37:28,779 [INFO] JxBrowserEngine:152 - Initiate JxBrowser Engine with user profile folder
2026-01-25 23:37:28,783 [INFO] ServerAccessManage:452 - Complete download http(s) 200
2026-01-25 23:37:28,784 [INFO] ServerAccessManage:509 - Download File updaters.zip
2026-01-25 23:37:28,866 [INFO] FileExtend:248 - Unzip File : updaters.zip
2026-01-25 23:37:28,866 [INFO] FileExtend:263 - Standard Zip Deflate
2026-01-25 23:37:29,165 [INFO] ServerAccessManage:452 - Complete download http(s) 200
2026-01-25 23:37:29,165 [INFO] ServerAccessManage:509 - Download File PacksControlFlags.xml
2026-01-25 23:37:29,243 [INFO] ServerAccessManage:452 - Complete download http(s) 200
2026-01-25 23:37:29,243 [INFO] ServerAccessManage:509 - Download File cubemx.pidx
2026-01-25 23:37:29,428 [INFO] ServerAccessManage:452 - Complete download http(s) 200
2026-01-25 23:37:29,428 [INFO] ServerAccessManage:509 - Download File STMicroelectronics.FP-ATR-ASTRA1.pdsc
2026-01-25 23:37:30,135 [INFO] ServerAccessManage:452 - Complete download http(s) 200
2026-01-25 23:37:30,136 [INFO] ServerAccessManage:509 - Download File STMicroelectronics.FP-SNS-STBOX1.pdsc
2026-01-25 23:37:30,350 [INFO] ServerAccessManage:452 - Complete download http(s) 200
2026-01-25 23:37:30,350 [INFO] ServerAccessManage:509 - Download File STMicroelectronics.FP-SNS-FLIGHT1.pdsc
2026-01-25 23:37:30,630 [WARN] MainUpdater:1193 - Updater busy. Cannot search thirdparties
2026-01-25 23:37:30,630 [INFO] ThirdPartyUpdaterWithRetryManager:96 - Updater plugin is busy. [1/15]
2026-01-25 23:37:30,636 [INFO] ServerAccessManage:452 - Complete download http(s) 200
2026-01-25 23:37:30,636 [INFO] ServerAccessManage:509 - Download File STMicroelectronics.FP-SNS-MOTENV1.pdsc
2026-01-25 23:37:31,212 [INFO] ServerAccessManage:452 - Complete download http(s) 200
2026-01-25 23:37:31,212 [INFO] ServerAccessManage:509 - Download File STMicroelectronics.FP-SNS-STAIOTCFT.pdsc
2026-01-25 23:37:31,559 [INFO] ServerAccessManage:452 - Complete download http(s) 200
2026-01-25 23:37:31,559 [INFO] ServerAccessManage:509 - Download File STMicroelectronics.X-CUBE-AI.pdsc
2026-01-25 23:37:32,807 [INFO] WebApp:169 - Instantiating new browser for Auth
2026-01-25 23:37:33,005 [INFO] ServerAccessManage:452 - Complete download http(s) 200
2026-01-25 23:37:33,005 [INFO] ServerAccessManage:509 - Download File STMicroelectronics.X-CUBE-BLE1.pdsc
2026-01-25 23:37:33,400 [INFO] WebApp:463 - Apply proxy settings
2026-01-25 23:37:33,400 [INFO] WebApp:548 - Chromium requires no authentication
2026-01-25 23:37:33,407 [INFO] WebApp:491 - Direct internet connection detected
2026-01-25 23:37:33,425 [INFO] WebApp:900 - Register for checkConnection events
2026-01-25 23:37:33,425 [INFO] WebApp:463 - Apply proxy settings
2026-01-25 23:37:33,425 [INFO] WebApp:548 - Chromium requires no authentication
2026-01-25 23:37:33,425 [INFO] WebApp:491 - Direct internet connection detected
2026-01-25 23:37:33,554 [INFO] WebApp:225 - Starting web application
2026-01-25 23:37:33,554 [INFO] WebApp:593 - Web application path used C:\ST\STM32CubeIDE_1.19.0\STM32CubeIDE\plugins\com.st.stm32cube.common.mx_6.15.0.202507011659\db\plugins\mcufinder\reactClient1\index.html
2026-01-25 23:37:33,621 [INFO] UserAuth:487 - Internet connection configuration mode: 1
2026-01-25 23:37:33,633 [WARN] MainUpdater:1193 - Updater busy. Cannot search thirdparties
2026-01-25 23:37:33,633 [INFO] ThirdPartyUpdaterWithRetryManager:96 - Updater plugin is busy. [2/15]
2026-01-25 23:37:33,702 [INFO] WebApp:191 - Connection restablished
2026-01-25 23:37:34,830 [ERROR] ServerAccessManage:1212 - Problem, file not found on Server
2026-01-25 23:37:34,925 [INFO] ServerAccessManage:452 - Complete download http(s) 200
2026-01-25 23:37:34,925 [INFO] ServerAccessManage:509 - Download File STMicroelectronics.X-CUBE-BLEMGR.pdsc
2026-01-25 23:37:36,028 [ERROR] ServerAccessManage:1212 - Problem, file not found on Server
2026-01-25 23:37:36,533 [INFO] ServerAccessManage:452 - Complete download http(s) 200
2026-01-25 23:37:36,533 [INFO] ServerAccessManage:509 - Download File STMicroelectronics.X-CUBE-DPOWER.pdsc
2026-01-25 23:37:36,633 [WARN] MainUpdater:1193 - Updater busy. Cannot search thirdparties
2026-01-25 23:37:36,633 [INFO] ThirdPartyUpdaterWithRetryManager:96 - Updater plugin is busy. [3/15]
2026-01-25 23:37:37,125 [ERROR] ServerAccessManage:1212 - Problem, file not found on Server
2026-01-25 23:37:37,625 [ERROR] ServerAccessManage:1212 - Problem, file not found on Server
2026-01-25 23:37:38,635 [ERROR] ServerAccessManage:1212 - Problem, file not found on Server
2026-01-25 23:37:39,107 [ERROR] ServerAccessManage:1212 - Problem, file not found on Server
2026-01-25 23:37:39,581 [ERROR] ServerAccessManage:1212 - Problem, file not found on Server
2026-01-25 23:37:39,634 [WARN] MainUpdater:1193 - Updater busy. Cannot search thirdparties
2026-01-25 23:37:39,634 [INFO] ThirdPartyUpdaterWithRetryManager:96 - Updater plugin is busy. [4/15]
2026-01-25 23:37:40,127 [ERROR] ServerAccessManage:1212 - Problem, file not found on Server
2026-01-25 23:37:40,638 [ERROR] ServerAccessManage:1212 - Problem, file not found on Server
2026-01-25 23:37:41,130 [ERROR] ServerAccessManage:1212 - Problem, file not found on Server
2026-01-25 23:37:41,616 [ERROR] ServerAccessManage:1212 - Problem, file not found on Server
2026-01-25 23:37:42,104 [ERROR] ServerAccessManage:1212 - Problem, file not found on Server
2026-01-25 23:37:42,304 [ERROR] ServerAccessManage:1212 - Problem, file not found on Server
2026-01-25 23:37:42,357 [INFO] ServerAccessManage:452 - Complete download http(s) 200
2026-01-25 23:37:42,358 [INFO] ServerAccessManage:509 - Download File STMicroelectronics.X-CUBE-EEPRMA1.pdsc
2026-01-25 23:37:42,634 [WARN] MainUpdater:1193 - Updater busy. Cannot search thirdparties
2026-01-25 23:37:42,634 [INFO] ThirdPartyUpdaterWithRetryManager:96 - Updater plugin is busy. [5/15]
2026-01-25 23:37:42,667 [ERROR] ServerAccessManage:1212 - Problem, file not found on Server
2026-01-25 23:37:43,225 [ERROR] ServerAccessManage:1212 - Problem, file not found on Server
2026-01-25 23:37:43,408 [INFO] ServerAccessManage:452 - Complete download http(s) 200
2026-01-25 23:37:43,408 [INFO] ServerAccessManage:509 - Download File STMicroelectronics.X-CUBE-FREERTOS.pdsc
2026-01-25 23:37:43,821 [INFO] ServerAccessManage:452 - Complete download http(s) 200
2026-01-25 23:37:43,821 [INFO] ServerAccessManage:509 - Download File STMicroelectronics.X-CUBE-GNSS1.pdsc
2026-01-25 23:37:44,985 [ERROR] ServerAccessManage:1212 - Problem, file not found on Server
2026-01-25 23:37:45,448 [ERROR] ServerAccessManage:1212 - Problem, file not found on Server
2026-01-25 23:37:45,635 [WARN] MainUpdater:1193 - Updater busy. Cannot search thirdparties
2026-01-25 23:37:45,635 [INFO] ThirdPartyUpdaterWithRetryManager:96 - Updater plugin is busy. [6/15]
2026-01-25 23:37:45,921 [ERROR] ServerAccessManage:1212 - Problem, file not found on Server
2026-01-25 23:37:46,272 [ERROR] ServerAccessManage:1212 - Problem, file not found on Server
2026-01-25 23:37:46,722 [ERROR] ServerAccessManage:1212 - Problem, file not found on Server
2026-01-25 23:37:47,201 [ERROR] ServerAccessManage:1212 - Problem, file not found on Server
2026-01-25 23:37:47,277 [INFO] ServerAccessManage:452 - Complete download http(s) 200
2026-01-25 23:37:47,277 [INFO] ServerAccessManage:509 - Download File STMicroelectronics.X-CUBE-IPS.pdsc
2026-01-25 23:37:47,518 [INFO] ServerAccessManage:452 - Complete download http(s) 200
2026-01-25 23:37:47,518 [INFO] ServerAccessManage:509 - Download File STMicroelectronics.X-CUBE-MEMS1.pdsc
2026-01-25 23:37:48,636 [WARN] MainUpdater:1193 - Updater busy. Cannot search thirdparties
2026-01-25 23:37:48,636 [INFO] ThirdPartyUpdaterWithRetryManager:96 - Updater plugin is busy. [7/15]
2026-01-25 23:37:48,706 [INFO] ServerAccessManage:452 - Complete download http(s) 200
2026-01-25 23:37:48,706 [INFO] ServerAccessManage:509 - Download File STMicroelectronics.X-CUBE-NFC6.pdsc
2026-01-25 23:37:49,904 [INFO] ServerAccessManage:452 - Complete download http(s) 200
2026-01-25 23:37:49,905 [INFO] ServerAccessManage:509 - Download File STMicroelectronics.X-CUBE-NFC7.pdsc
2026-01-25 23:37:50,110 [INFO] ServerAccessManage:452 - Complete download http(s) 200
2026-01-25 23:37:50,110 [INFO] ServerAccessManage:509 - Download File STMicroelectronics.X-CUBE-NFC12.pdsc
2026-01-25 23:37:50,228 [INFO] ServerAccessManage:452 - Complete download http(s) 200
2026-01-25 23:37:50,228 [INFO] ServerAccessManage:509 - Download File STMicroelectronics.X-CUBE-ST60.pdsc
2026-01-25 23:37:50,367 [INFO] ServerAccessManage:452 - Complete download http(s) 200
2026-01-25 23:37:50,367 [INFO] ServerAccessManage:509 - Download File STMicroelectronics.X-CUBE-ST67W61.pdsc
2026-01-25 23:37:50,484 [INFO] ServerAccessManage:452 - Complete download http(s) 200
2026-01-25 23:37:50,484 [INFO] ServerAccessManage:509 - Download File STMicroelectronics.X-CUBE-STSE01.pdsc
2026-01-25 23:37:50,640 [INFO] ServerAccessManage:452 - Complete download http(s) 200
2026-01-25 23:37:50,641 [INFO] ServerAccessManage:509 - Download File STMicroelectronics.X-CUBE-PM33A1.pdsc
2026-01-25 23:37:50,732 [INFO] ServerAccessManage:452 - Complete download http(s) 200
2026-01-25 23:37:50,732 [INFO] ServerAccessManage:509 - Download File STMicroelectronics.X-CUBE-TOF1.pdsc
2026-01-25 23:37:51,637 [WARN] MainUpdater:1193 - Updater busy. Cannot search thirdparties
2026-01-25 23:37:51,637 [INFO] ThirdPartyUpdaterWithRetryManager:96 - Updater plugin is busy. [8/15]
2026-01-25 23:37:51,829 [ERROR] ServerAccessManage:1212 - Problem, file not found on Server
2026-01-25 23:37:51,893 [INFO] ServerAccessManage:452 - Complete download http(s) 200
2026-01-25 23:37:51,894 [INFO] ServerAccessManage:509 - Download File STMicroelectronics.X-CUBE-TOUCHGFX.pdsc
2026-01-25 23:37:53,150 [INFO] ServerAccessManage:452 - Complete download http(s) 200
2026-01-25 23:37:53,150 [INFO] ServerAccessManage:509 - Download File STMicroelectronics.X-CUBE-AZRTOS-H7.pdsc
2026-01-25 23:37:54,115 [INFO] ServerAccessManage:452 - Complete download http(s) 200
2026-01-25 23:37:54,116 [INFO] ServerAccessManage:509 - Download File STMicroelectronics.X-CUBE-AZRTOS-H7RS.pdsc
2026-01-25 23:37:54,487 [INFO] ServerAccessManage:452 - Complete download http(s) 200
2026-01-25 23:37:54,487 [INFO] ServerAccessManage:509 - Download File STMicroelectronics.X-CUBE-WB05N.pdsc
2026-01-25 23:37:54,637 [WARN] MainUpdater:1193 - Updater busy. Cannot search thirdparties
2026-01-25 23:37:54,637 [INFO] ThirdPartyUpdaterWithRetryManager:96 - Updater plugin is busy. [9/15]
2026-01-25 23:37:54,751 [INFO] ServerAccessManage:452 - Complete download http(s) 200
2026-01-25 23:37:54,751 [INFO] ServerAccessManage:509 - Download File Avnet-IOTCONNECT.X-CUBE-iotc-st67-sdk.pdsc
2026-01-25 23:37:54,833 [WARN] PackLoader:240 - Cannot read IP mode file for STMicroelectronics.FP-ATR-ASTRA1.2.0.2
2026-01-25 23:37:54,842 [WARN] PackLoader:240 - Cannot read IP mode file for STMicroelectronics.FP-SNS-STBOX1.2.1.0
2026-01-25 23:37:54,850 [WARN] PackLoader:240 - Cannot read IP mode file for STMicroelectronics.FP-SNS-FLIGHT1.5.1.0
2026-01-25 23:37:54,854 [WARN] PackLoader:240 - Cannot read IP mode file for STMicroelectronics.FP-SNS-MOTENV1.5.1.0
2026-01-25 23:37:54,861 [WARN] PackLoader:240 - Cannot read IP mode file for STMicroelectronics.FP-SNS-STAIOTCFT.1.0.0
2026-01-25 23:37:54,866 [WARN] PackLoader:240 - Cannot read IP mode file for STMicroelectronics.X-CUBE-AI.10.2.0
2026-01-25 23:37:54,870 [WARN] PackLoader:240 - Cannot read IP mode file for STMicroelectronics.X-CUBE-BLE1.7.1.0
2026-01-25 23:37:54,883 [WARN] PackLoader:240 - Cannot read IP mode file for STMicroelectronics.X-CUBE-BLEMGR.4.1.0
2026-01-25 23:37:54,893 [WARN] PackLoader:240 - Cannot read IP mode file for STMicroelectronics.X-CUBE-DPower.1.3.0
2026-01-25 23:37:54,898 [WARN] PackLoader:240 - Cannot read IP mode file for STMicroelectronics.X-CUBE-EEPRMA1.5.2.0
2026-01-25 23:37:54,906 [WARN] PackLoader:240 - Cannot read IP mode file for STMicroelectronics.X-CUBE-FREERTOS.1.4.0
2026-01-25 23:37:54,910 [WARN] PackLoader:240 - Cannot read IP mode file for STMicroelectronics.X-CUBE-GNSS1.7.1.0
2026-01-25 23:37:54,921 [WARN] PackLoader:240 - Cannot read IP mode file for STMicroelectronics.X-CUBE-IPS.3.2.0
2026-01-25 23:37:54,959 [INFO] CheckServerUpdateThread:120 - End of CheckServer Thread
2026-01-25 23:37:54,966 [WARN] PackLoader:240 - Cannot read IP mode file for STMicroelectronics.X-CUBE-MEMS1.12.0.0
2026-01-25 23:37:55,057 [WARN] PackLoader:240 - Cannot read IP mode file for STMicroelectronics.X-CUBE-NFC6.3.2.0
2026-01-25 23:37:55,062 [WARN] PackLoader:240 - Cannot read IP mode file for STMicroelectronics.X-CUBE-NFC7.2.0.0
2026-01-25 23:37:55,067 [WARN] PackLoader:240 - Cannot read IP mode file for STMicroelectronics.X-CUBE-NFC12.1.0.0
2026-01-25 23:37:55,072 [WARN] PackLoader:240 - Cannot read IP mode file for STMicroelectronics.X-CUBE-ST60.1.1.0
2026-01-25 23:37:55,076 [WARN] PackLoader:240 - Cannot read IP mode file for STMicroelectronics.X-CUBE-ST67W61.1.2.0
2026-01-25 23:37:55,083 [WARN] PackLoader:240 - Cannot read IP mode file for STMicroelectronics.X-CUBE-STSE01.2.0.0
2026-01-25 23:37:55,087 [WARN] PackLoader:240 - Cannot read IP mode file for STMicroelectronics.X-CUBE-PM33A1.1.0.0
2026-01-25 23:37:55,096 [WARN] PackLoader:240 - Cannot read IP mode file for STMicroelectronics.X-CUBE-TOF1.3.4.3
2026-01-25 23:37:55,106 [WARN] PackLoader:240 - Cannot read IP mode file for STMicroelectronics.X-CUBE-TOUCHGFX.4.26.0
2026-01-25 23:37:55,118 [WARN] PackLoader:240 - Cannot read IP mode file for STMicroelectronics.X-CUBE-AZRTOS-H7.3.4.0
2026-01-25 23:37:55,131 [WARN] PackLoader:240 - Cannot read IP mode file for STMicroelectronics.X-CUBE-AZRTOS-H7RS.1.2.0
2026-01-25 23:37:55,136 [WARN] PackLoader:240 - Cannot read IP mode file for STMicroelectronics.X-CUBE-WB05N.2.0.0
2026-01-25 23:37:55,145 [INFO] PopulateThirdPartyThread:66 - Ending populate Thread
2026-01-25 23:37:55,148 [INFO] ThirdParty:1030 - CMSIS Pack Vendor :STMicroelectronics X-CUBE-PM33A1 1.0.0
2026-01-25 23:37:55,148 [INFO] ThirdParty:1030 - CMSIS Pack Vendor :STMicroelectronics X-CUBE-AZRTOS-H7 3.4.0
2026-01-25 23:37:55,148 [INFO] ThirdParty:1030 - CMSIS Pack Vendor :STMicroelectronics X-CUBE-NFC7 2.0.0
2026-01-25 23:37:55,148 [INFO] ThirdParty:1030 - CMSIS Pack Vendor :STMicroelectronics FP-ATR-ASTRA1 2.0.2
2026-01-25 23:37:55,148 [INFO] ThirdParty:1030 - CMSIS Pack Vendor :STMicroelectronics X-CUBE-BLE1 7.1.0
2026-01-25 23:37:55,148 [INFO] ThirdParty:1030 - CMSIS Pack Vendor :STMicroelectronics X-CUBE-FREERTOS 1.4.0
2026-01-25 23:37:55,148 [INFO] ThirdParty:1030 - CMSIS Pack Vendor :STMicroelectronics X-CUBE-BLEMGR 4.1.0
2026-01-25 23:37:55,148 [INFO] ThirdParty:1030 - CMSIS Pack Vendor :STMicroelectronics X-CUBE-EEPRMA1 5.2.0
2026-01-25 23:37:55,148 [INFO] ThirdParty:1030 - CMSIS Pack Vendor :STMicroelectronics X-CUBE-IPS 3.2.0
2026-01-25 23:37:55,148 [INFO] ThirdParty:1030 - CMSIS Pack Vendor :STMicroelectronics X-CUBE-ST60 1.1.0
2026-01-25 23:37:55,148 [INFO] ThirdParty:1030 - CMSIS Pack Vendor :STMicroelectronics X-CUBE-GNSS1 7.1.0
2026-01-25 23:37:55,148 [INFO] ThirdParty:1030 - CMSIS Pack Vendor :STMicroelectronics X-CUBE-NFC12 1.0.0
2026-01-25 23:37:55,148 [INFO] ThirdParty:1030 - CMSIS Pack Vendor :STMicroelectronics X-CUBE-TOUCHGFX 4.26.0
2026-01-25 23:37:55,148 [INFO] ThirdParty:1030 - CMSIS Pack Vendor :STMicroelectronics X-CUBE-NFC6 3.2.0
2026-01-25 23:37:55,148 [INFO] ThirdParty:1030 - CMSIS Pack Vendor :STMicroelectronics FP-SNS-STBOX1 2.1.0
2026-01-25 23:37:55,148 [INFO] ThirdParty:1030 - CMSIS Pack Vendor :STMicroelectronics FP-SNS-STAIOTCFT 1.0.0
2026-01-25 23:37:55,149 [INFO] ThirdParty:1030 - CMSIS Pack Vendor :STMicroelectronics X-CUBE-AI 10.2.0
2026-01-25 23:37:55,149 [INFO] ThirdParty:1030 - CMSIS Pack Vendor :STMicroelectronics X-CUBE-MEMS1 12.0.0
2026-01-25 23:37:55,149 [INFO] ThirdParty:1030 - CMSIS Pack Vendor :STMicroelectronics FP-SNS-FLIGHT1 5.1.0
2026-01-25 23:37:55,149 [INFO] ThirdParty:1030 - CMSIS Pack Vendor :STMicroelectronics X-CUBE-STSE01 2.0.0
2026-01-25 23:37:55,149 [INFO] ThirdParty:1030 - CMSIS Pack Vendor :STMicroelectronics X-CUBE-DPower 1.3.0
2026-01-25 23:37:55,149 [INFO] ThirdParty:1030 - CMSIS Pack Vendor :STMicroelectronics FP-SNS-MOTENV1 5.1.0
2026-01-25 23:37:55,149 [INFO] ThirdParty:1030 - CMSIS Pack Vendor :STMicroelectronics X-CUBE-AZRTOS-H7RS 1.2.0
2026-01-25 23:37:55,149 [INFO] ThirdParty:1030 - CMSIS Pack Vendor :Avnet-IOTCONNECT X-CUBE-iotc-st67-sdk 1.0.0
2026-01-25 23:37:55,149 [INFO] ThirdParty:1030 - CMSIS Pack Vendor :STMicroelectronics X-CUBE-TOF1 3.4.3
2026-01-25 23:37:55,149 [INFO] ThirdParty:1030 - CMSIS Pack Vendor :STMicroelectronics X-CUBE-WB05N 2.0.0
2026-01-25 23:37:55,149 [INFO] ThirdParty:1030 - CMSIS Pack Vendor :STMicroelectronics X-CUBE-ST67W61 1.2.0
2026-01-25 23:37:55,149 [INFO] LoadServerUpdatesThread:375 - End of LoadServerUpdate Thread
2026-01-25 23:37:57,786 [WARN] PackLoader:240 - Cannot read IP mode file for STMicroelectronics.FP-SNS-MOTENVWB1.1.4.0
2026-01-25 23:37:57,788 [WARN] PackLoader:240 - Cannot read IP mode file for STMicroelectronics.FP-ATR-ASTRA1.2.0.2
2026-01-25 23:37:57,803 [WARN] PackLoader:240 - Cannot read IP mode file for STMicroelectronics.FP-ATR-ASTRA1.2.0.1
2026-01-25 23:37:57,807 [WARN] PackLoader:240 - Cannot read IP mode file for STMicroelectronics.X-CUBE-SMBUS.2.1.0
2026-01-25 23:37:57,811 [WARN] PackLoader:240 - Cannot read IP mode file for STMicroelectronics.X-CUBE-WB05N.1.1.0
2026-01-25 23:37:57,823 [WARN] PackLoader:240 - Cannot read IP mode file for STMicroelectronics.X-CUBE-AZRTOS-F7.1.1.0
2026-01-25 23:37:57,828 [WARN] PackLoader:240 - Cannot read IP mode file for STMicroelectronics.FP-SNS-MOTENV1.5.1.0
2026-01-25 23:37:57,832 [WARN] PackLoader:240 - Cannot read IP mode file for STMicroelectronics.FP-SNS-FLIGHT1.5.0.2
2026-01-25 23:37:57,845 [WARN] PackLoader:240 - Cannot read IP mode file for Infineon.AIROC-Wi-Fi-Bluetooth-STM32.1.7.0
2026-01-25 23:37:57,860 [WARN] PackLoader:240 - Cannot read IP mode file for STMicroelectronics.X-CUBE-AZRTOS-H7.3.4.0
2026-01-25 23:37:57,868 [WARN] PackLoader:240 - Cannot read IP mode file for STMicroelectronics.X-CUBE-DISPLAY.3.0.0
2026-01-25 23:37:57,876 [WARN] PackLoader:240 - Cannot read IP mode file for STMicroelectronics.X-CUBE-BLE1.7.0.0
2026-01-25 23:37:57,883 [WARN] PackLoader:240 - Cannot read IP mode file for STMicroelectronics.X-CUBE-NFC10.1.0.0
2026-01-25 23:37:57,891 [WARN] PackLoader:240 - Cannot read IP mode file for STMicroelectronics.X-CUBE-BLEMGR.4.0.0
2026-01-25 23:37:57,895 [WARN] PackLoader:240 - Cannot read IP mode file for STMicroelectronics.X-CUBE-ST60.1.1.0
2026-01-25 23:37:57,900 [WARN] PackLoader:240 - Cannot read IP mode file for emotas.I-CUBE-CANOPEN.1.3.0
2026-01-25 23:37:57,906 [WARN] PackLoader:240 - Cannot read IP mode file for STMicroelectronics.X-CUBE-GNSS1.7.1.0
2026-01-25 23:37:57,911 [WARN] PackLoader:240 - Cannot read IP mode file for STMicroelectronics.FP-SNS-STBOX1.2.1.0
2026-01-25 23:37:57,916 [WARN] PackLoader:240 - Cannot read IP mode file for STMicroelectronics.FP-SNS-SMARTAG2.1.2.0
2026-01-25 23:37:57,918 [WARN] PackLoader:240 - Cannot read IP mode file for STMicroelectronics.FP-SNS-FLIGHT1.5.1.0
2026-01-25 23:37:57,946 [WARN] PackLoader:240 - Cannot read IP mode file for STMicroelectronics.X-CUBE-MEMS1.11.1.0
2026-01-25 23:37:58,022 [INFO] LogOutputStream:77 - [STDOUT_REDIRECT] 1 : Invalid condition id : UX_CORESTACK_Condition cause : null
2026-01-25 23:37:58,023 [INFO] LogOutputStream:77 - [STDOUT_REDIRECT] 1 : Invalid condition id : UX_CORESTACK_Condition cause : null
2026-01-25 23:37:58,023 [INFO] LogOutputStream:77 - [STDOUT_REDIRECT] 1 : Invalid condition id : UX_CORESTACK_Condition cause : null
2026-01-25 23:37:58,024 [INFO] LogOutputStream:77 - [STDOUT_REDIRECT] 1 : Invalid condition id : UX_CORESTACK_Condition cause : null
2026-01-25 23:37:58,024 [INFO] LogOutputStream:77 - [STDOUT_REDIRECT] 1 : Invalid condition id : UX_CORESTACK_Condition cause : null
2026-01-25 23:37:58,026 [WARN] PackLoader:240 - Cannot read IP mode file for STMicroelectronics.X-CUBE-AZRTOS-WL.2.0.0
2026-01-25 23:37:58,030 [WARN] PackLoader:240 - Cannot read IP mode file for STMicroelectronics.FP-SNS-MOTENV1.5.0.0
2026-01-25 23:37:58,041 [WARN] PackLoader:240 - Cannot read IP mode file for STMicroelectronics.X-CUBE-AZRTOS-H7RS.1.2.0
2026-01-25 23:37:58,045 [WARN] PackLoader:240 - Cannot read IP mode file for wolfSSL.I-CUBE-wolfMQTT.1.19.0
2026-01-25 23:37:58,050 [WARN] PackLoader:240 - Cannot read IP mode file for WES.I-CUBE-Cesium.1.3.0
2026-01-25 23:37:58,053 [WARN] PackLoader:240 - Cannot read IP mode file for STMicroelectronics.X-CUBE-BLE2.3.3.0
2026-01-25 23:37:58,064 [WARN] PackLoader:240 - Cannot read IP mode file for STMicroelectronics.X-CUBE-NFC9.1.0.0
2026-01-25 23:37:58,069 [WARN] PackLoader:240 - Cannot read IP mode file for STMicroelectronics.X-CUBE-BLE1.7.1.0
2026-01-25 23:37:58,074 [WARN] PackLoader:240 - Cannot read IP mode file for STMicroelectronics.X-CUBE-FREERTOS.1.4.0
2026-01-25 23:37:58,078 [WARN] PackLoader:240 - Cannot read IP mode file for STMicroelectronics.X-CUBE-EEPRMA1.5.2.0
2026-01-25 23:37:58,129 [WARN] PackLoader:240 - Cannot read IP mode file for STMicroelectronics.X-CUBE-MEMS1.12.0.0
2026-01-25 23:37:58,226 [WARN] PackLoader:240 - Cannot read IP mode file for STMicroelectronics.X-CUBE-AZRTOS-G0.1.1.0
2026-01-25 23:37:58,233 [WARN] PackLoader:240 - Cannot read IP mode file for STMicroelectronics.X-CUBE-SAFEA1.1.2.2
2026-01-25 23:37:58,238 [WARN] PackLoader:240 - Cannot read IP mode file for STMicroelectronics.X-CUBE-NFC4.3.0.0
2026-01-25 23:37:58,244 [WARN] PackLoader:240 - Cannot read IP mode file for EmbeddedOffice.I-CUBE-FS-RTOS.1.0.1
2026-01-25 23:37:58,247 [WARN] PackLoader:240 - Cannot read IP mode file for STMicroelectronics.X-CUBE-WB05N.2.0.0
2026-01-25 23:37:58,253 [WARN] PackLoader:240 - Cannot read IP mode file for STMicroelectronics.X-CUBE-TCPP.4.2.0
2026-01-25 23:37:58,256 [WARN] PackLoader:240 - Cannot read IP mode file for RealThread.X-CUBE-RT-Thread_Nano.4.1.1
2026-01-25 23:37:58,260 [WARN] PackLoader:240 - Cannot read IP mode file for STMicroelectronics.FP-ATR-SIGFOX1.3.2.0
2026-01-25 23:37:58,262 [WARN] ConditionMgr:438 - getConditionDescription Invalid condition id : Cortex-A Device cause : null
2026-01-25 23:37:58,267 [WARN] ConditionMgr:1044 - genDependencies : Invalid condition id : Cortex-A Device cause : null
2026-01-25 23:37:58,268 [WARN] ConditionMgr:1044 - genDependencies : Invalid condition id : Cortex-A Device cause : null
2026-01-25 23:37:58,268 [WARN] ConditionMgr:1044 - genDependencies : Invalid condition id : Cortex-A Device cause : null
2026-01-25 23:37:58,271 [WARN] PackLoader:240 - Cannot read IP mode file for STMicroelectronics.X-CUBE-EEPRMA1.5.1.0
2026-01-25 23:37:58,275 [WARN] PackLoader:240 - Cannot read IP mode file for wolfSSL.I-CUBE-wolfSSL.5.7.4
2026-01-25 23:37:58,278 [WARN] PackLoader:240 - Cannot read IP mode file for ITTIA_DB.I-CUBE-ITTIADB.8.9.0
2026-01-25 23:37:58,282 [WARN] PackLoader:240 - Cannot read IP mode file for STMicroelectronics.X-CUBE-NFC6.3.2.0
2026-01-25 23:37:58,287 [WARN] PackLoader:240 - Cannot read IP mode file for STMicroelectronics.X-CUBE-AI.10.2.0
2026-01-25 23:37:58,305 [WARN] PackLoader:240 - Cannot read IP mode file for SEGGER.I-CUBE-embOS.1.3.1
2026-01-25 23:37:58,330 [WARN] PackLoader:240 - Cannot read IP mode file for STMicroelectronics.X-CUBE-ALGOBUILD.1.4.0
2026-01-25 23:37:58,333 [WARN] PackLoader:240 - Cannot read IP mode file for STMicroelectronics.X-CUBE-AI.9.1.0
2026-01-25 23:37:58,336 [WARN] PackLoader:240 - Cannot read IP mode file for STMicroelectronics.X-CUBE-PM33A1.1.0.0
2026-01-25 23:37:58,346 [WARN] PackLoader:240 - Cannot read IP mode file for STMicroelectronics.X-CUBE-AZRTOS-F4.1.1.0
2026-01-25 23:37:58,351 [WARN] PackLoader:240 - Cannot read IP mode file for STMicroelectronics.X-CUBE-ISPU.2.1.0
2026-01-25 23:37:58,358 [WARN] PackLoader:240 - Cannot read IP mode file for STMicroelectronics.X-CUBE-IPS.3.2.0
2026-01-25 23:37:58,368 [WARN] PackLoader:240 - Cannot read IP mode file for STMicroelectronics.X-CUBE-NFC12.1.0.0
2026-01-25 23:37:58,378 [WARN] PackLoader:240 - Cannot read IP mode file for STMicroelectronics.X-CUBE-AZRTOS-L5.2.0.0
2026-01-25 23:37:58,383 [WARN] PackLoader:240 - Cannot read IP mode file for STMicroelectronics.X-CUBE-NFC6.3.1.0
2026-01-25 23:37:58,388 [WARN] PackLoader:240 - Cannot read IP mode file for STMicroelectronics.X-CUBE-DPower.1.2.0
2026-01-25 23:37:58,391 [WARN] PackLoader:240 - Cannot read IP mode file for STMicroelectronics.X-CUBE-FREERTOS.1.3.0
2026-01-25 23:37:58,393 [WARN] PackLoader:240 - Cannot read IP mode file for STMicroelectronics.X-CUBE-NFC7.1.0.1
2026-01-25 23:37:58,396 [WARN] PackLoader:240 - Cannot read IP mode file for STMicroelectronics.X-CUBE-TOUCHGFX.4.26.0
2026-01-25 23:37:58,398 [WARN] PackLoader:240 - Cannot read IP mode file for STMicroelectronics.FP-SNS-STAIOTCFT.1.0.0
2026-01-25 23:37:58,401 [WARN] PackLoader:240 - Cannot read IP mode file for STMicroelectronics.X-CUBE-DPower.1.3.0
2026-01-25 23:37:58,412 [WARN] ConditionMgr:438 - getConditionDescription Invalid condition id : LAN8742 Phy interface Condition cause : null
2026-01-25 23:37:58,412 [WARN] PackLoader:240 - Cannot read IP mode file for STMicroelectronics.X-CUBE-AZRTOS-L4.2.0.0
2026-01-25 23:37:58,413 [WARN] ConditionMgr:1044 - genDependencies : Invalid condition id : LAN8742 Phy interface Condition cause : null
2026-01-25 23:37:58,413 [WARN] ConditionMgr:1044 - genDependencies : Invalid condition id : LAN8742 Phy interface Condition cause : null
2026-01-25 23:37:58,413 [WARN] ConditionMgr:1044 - genDependencies : Invalid condition id : LAN8742 Phy interface Condition cause : null
2026-01-25 23:37:58,417 [WARN] PackLoader:240 - Cannot read IP mode file for STMicroelectronics.X-CUBE-SFXS2LP1.4.0.0
2026-01-25 23:37:58,421 [WARN] PackLoader:240 - Cannot read IP mode file for STMicroelectronics.X-CUBE-ST67W61.1.2.0
2026-01-25 23:37:58,433 [WARN] PackLoader:240 - Cannot read IP mode file for STMicroelectronics.X-CUBE-AZRTOS-H7.3.3.0
2026-01-25 23:37:58,440 [WARN] PackLoader:240 - Cannot read IP mode file for STMicroelectronics.X-CUBE-BLEMGR.4.1.0
2026-01-25 23:37:58,447 [WARN] PackLoader:240 - Cannot read IP mode file for STMicroelectronics.X-CUBE-IPS.3.0.0
2026-01-25 23:37:58,457 [WARN] ConditionMgr:438 - getConditionDescription Invalid condition id : UX DEVICE CLASS RTOS Condition cause : null
2026-01-25 23:37:58,458 [WARN] ConditionMgr:438 - getConditionDescription Invalid condition id : UX DEVICE CLASS RTOS Condition cause : null
2026-01-25 23:37:58,460 [WARN] PackLoader:240 - Cannot read IP mode file for STMicroelectronics.X-CUBE-AZRTOS-WB.2.0.0
2026-01-25 23:37:58,461 [WARN] ConditionMgr:1044 - genDependencies : Invalid condition id : UX DEVICE CLASS RTOS Condition cause : null
2026-01-25 23:37:58,461 [WARN] ConditionMgr:1044 - genDependencies : Invalid condition id : UX DEVICE CLASS RTOS Condition cause : null
2026-01-25 23:37:58,461 [WARN] ConditionMgr:1044 - genDependencies : Invalid condition id : UX DEVICE CLASS RTOS Condition cause : null
2026-01-25 23:37:58,461 [WARN] ConditionMgr:1044 - genDependencies : Invalid condition id : UX DEVICE CLASS RTOS Condition cause : null
2026-01-25 23:37:58,461 [WARN] ConditionMgr:1044 - genDependencies : Invalid condition id : UX DEVICE CLASS RTOS Condition cause : null
2026-01-25 23:37:58,465 [WARN] PackLoader:240 - Cannot read IP mode file for STMicroelectronics.X-CUBE-GNSS1.7.0.1
2026-01-25 23:37:58,470 [WARN] PackLoader:240 - Cannot read IP mode file for STMicroelectronics.FP-SNS-STBOX1.2.0.0
2026-01-25 23:37:58,484 [WARN] PackLoader:240 - Cannot read IP mode file for STMicroelectronics.X-CUBE-STSE01.2.0.0
2026-01-25 23:37:58,492 [WARN] PackLoader:240 - Cannot read IP mode file for STMicroelectronics.X-CUBE-SUBG2.5.0.0
2026-01-25 23:37:58,497 [WARN] PackLoader:240 - Cannot read IP mode file for Cesanta.I-CUBE-Mongoose.7.13.0
2026-01-25 23:37:58,504 [WARN] PackLoader:240 - Cannot read IP mode file for STMicroelectronics.X-CUBE-AZRTOS-G4.2.0.0
2026-01-25 23:37:58,508 [WARN] PackLoader:240 - Cannot read IP mode file for STMicroelectronics.X-CUBE-NFC7.2.0.0
2026-01-25 23:37:58,515 [WARN] PackLoader:240 - Cannot read IP mode file for STMicroelectronics.X-CUBE-IPS.3.1.0
2026-01-25 23:37:58,521 [WARN] PackLoader:240 - Cannot read IP mode file for STMicroelectronics.X-CUBE-ALS.1.0.2
2026-01-25 23:37:58,524 [WARN] PackLoader:240 - Cannot read IP mode file for STMicroelectronics.X-CUBE-TOUCHGFX.4.24.2
2026-01-25 23:37:58,526 [WARN] PackLoader:240 - Cannot read IP mode file for STMicroelectronics.X-CUBE-TOUCHGFX.4.24.1
2026-01-25 23:37:58,528 [WARN] PackLoader:240 - Cannot read IP mode file for wolfSSL.I-CUBE-wolfTPM.3.4.0
2026-01-25 23:37:58,531 [WARN] PackLoader:240 - Cannot read IP mode file for portGmbH.I-Cube-SoM-uGOAL.1.1.0
2026-01-25 23:37:58,541 [WARN] PackLoader:240 - Cannot read IP mode file for STMicroelectronics.X-CUBE-AZRTOS-H7RS.1.0.0
2026-01-25 23:37:58,549 [WARN] PackLoader:240 - Cannot read IP mode file for STMicroelectronics.X-CUBE-TOF1.3.4.2
2026-01-25 23:37:58,564 [WARN] PackLoader:240 - Cannot read IP mode file for STMicroelectronics.X-CUBE-TOF1.3.4.3
2026-01-25 23:37:58,576 [WARN] PackLoader:240 - Cannot read IP mode file for wolfSSL.I-CUBE-wolfSSH.1.4.17
2026-01-25 23:37:58,576 [INFO] ThirdParty:978 - Integrity check success = true
2026-01-25 23:37:58,577 [INFO] IntegrityCheckThread:100 - exiting critical section [integrity check]
2026-01-25 23:37:58,577 [INFO] IntegrityCheckThread:103 - End integrity checks thread
2026-01-25 23:38:37,325 [ERROR] LogOutputStream:75 - [STDERR_REDIRECT] 
