2026-02-15 21:06:16,821 [INFO] WebApp:194 - Connection lost
2026-02-15 21:06:17,000 [INFO] WebApp:191 - Connection restablished
2026-02-15 23:11:42,940 [INFO] NvicIntPanel:101 - NVIC parent = com.st.microxplorer.plugins.ip.nvic.MultiNvicIntPanel[,0,0,0x0,invalid,layout=javax.swing.BoxLayout,alignmentX=0.0,alignmentY=0.0,border=,flags=9,maximumSize=,minimumSize=,preferredSize=]
2026-02-15 23:12:02,474 [INFO] NvicIntPanel:101 - NVIC parent = com.st.microxplorer.plugins.ip.nvic.MultiNvicIntPanel[,0,0,0x0,invalid,layout=javax.swing.BoxLayout,alignmentX=0.0,alignmentY=0.0,border=,flags=9,maximumSize=,minimumSize=,preferredSize=]
2026-02-15 23:14:31,007 [INFO] NvicIntPanel:101 - NVIC parent = com.st.microxplorer.plugins.ip.nvic.MultiNvicIntPanel[,0,0,0x0,invalid,layout=javax.swing.BoxLayout,alignmentX=0.0,alignmentY=0.0,border=,flags=9,maximumSize=,minimumSize=,preferredSize=]
2026-02-15 23:14:31,089 [INFO] NvicIntPanel:101 - NVIC parent = com.st.microxplorer.plugins.ip.nvic.MultiNvicIntPanel[,0,0,0x0,invalid,layout=javax.swing.BoxLayout,alignmentX=0.0,alignmentY=0.0,border=,flags=9,maximumSize=,minimumSize=,preferredSize=]
2026-02-15 23:14:32,583 [INFO] NvicIntPanel:101 - NVIC parent = com.st.microxplorer.plugins.ip.nvic.MultiNvicIntPanel[,0,0,0x0,invalid,layout=javax.swing.BoxLayout,alignmentX=0.0,alignmentY=0.0,border=,flags=9,maximumSize=,minimumSize=,preferredSize=]
2026-02-15 23:14:32,659 [INFO] NvicIntPanel:101 - NVIC parent = com.st.microxplorer.plugins.ip.nvic.MultiNvicIntPanel[,0,0,0x0,invalid,layout=javax.swing.BoxLayout,alignmentX=0.0,alignmentY=0.0,border=,flags=9,maximumSize=,minimumSize=,preferredSize=]
2026-02-15 23:14:33,722 [INFO] NvicIntPanel:101 - NVIC parent = com.st.microxplorer.plugins.ip.nvic.MultiNvicIntPanel[,0,0,0x0,invalid,layout=javax.swing.BoxLayout,alignmentX=0.0,alignmentY=0.0,border=,flags=9,maximumSize=,minimumSize=,preferredSize=]
2026-02-15 23:14:33,793 [INFO] NvicIntPanel:101 - NVIC parent = com.st.microxplorer.plugins.ip.nvic.MultiNvicIntPanel[,0,0,0x0,invalid,layout=javax.swing.BoxLayout,alignmentX=0.0,alignmentY=0.0,border=,flags=9,maximumSize=,minimumSize=,preferredSize=]
2026-02-15 23:14:35,101 [INFO] NvicIntPanel:101 - NVIC parent = com.st.microxplorer.plugins.ip.nvic.MultiNvicIntPanel[,0,0,0x0,invalid,layout=javax.swing.BoxLayout,alignmentX=0.0,alignmentY=0.0,border=,flags=9,maximumSize=,minimumSize=,preferredSize=]
2026-02-15 23:14:35,185 [INFO] NvicIntPanel:101 - NVIC parent = com.st.microxplorer.plugins.ip.nvic.MultiNvicIntPanel[,0,0,0x0,invalid,layout=javax.swing.BoxLayout,alignmentX=0.0,alignmentY=0.0,border=,flags=9,maximumSize=,minimumSize=,preferredSize=]
2026-02-15 23:14:37,327 [INFO] NvicIntPanel:101 - NVIC parent = com.st.microxplorer.plugins.ip.nvic.MultiNvicIntPanel[,0,0,0x0,invalid,layout=javax.swing.BoxLayout,alignmentX=0.0,alignmentY=0.0,border=,flags=9,maximumSize=,minimumSize=,preferredSize=]
2026-02-15 23:14:38,672 [INFO] UtilMem:75 - End SaveConfig() Used Memory: 762036368 Bytes (1073741824)
2026-02-15 23:14:39,862 [INFO] UtilMem:75 - End SaveConfig() Used Memory: 789299344 Bytes (1073741824)
2026-02-15 23:14:41,122 [INFO] UtilMem:75 - End SaveConfig() Used Memory: 835436688 Bytes (1073741824)
2026-02-15 23:14:41,441 [INFO] BlockDiagram:2775 - set Specific Code input for plugin: SPI
2026-02-15 23:14:41,441 [INFO] BlockDiagram:2775 - set Specific Code input for plugin: SYS
2026-02-15 23:14:41,441 [INFO] BlockDiagram:2775 - set Specific Code input for plugin: RCC
2026-02-15 23:14:41,442 [INFO] BlockDiagram:2775 - set Specific Code input for plugin: NVIC
2026-02-15 23:14:41,442 [INFO] BlockDiagram:2775 - set Specific Code input for plugin: USART
2026-02-15 23:14:41,442 [INFO] BlockDiagram:2775 - set Specific Code input for plugin: GPIO
2026-02-15 23:14:41,443 [INFO] CodeGenerator:892 - code generatio: config db path: C:\ST\STM32CubeIDE_1.19.0\STM32CubeIDE\plugins\com.st.stm32cube.common.mx_6.15.0.202507011659\\db\
2026-02-15 23:14:41,522 [INFO] CodeEngine:265 - oldGeneratedFile, C:\Users\JT\Desktop\Colorwars\TLC5947_Serial_System\MXTmpFiles\license.tmp_save
2026-02-15 23:14:41,719 [INFO] CodeEngine:289 - Generated code: C:\Users\JT\Desktop\Colorwars\TLC5947_Serial_System\MXTmpFiles\license.tmp
2026-02-15 23:14:41,745 [INFO] CodeEngine:265 - oldGeneratedFile, C:\Users\JT\Desktop\Colorwars\TLC5947_Serial_System\MXTmpFiles\gpio.tmp_save
2026-02-15 23:14:41,850 [INFO] CodeEngine:289 - Generated code: C:\Users\JT\Desktop\Colorwars\TLC5947_Serial_System\MXTmpFiles\gpio.tmp
2026-02-15 23:14:41,942 [INFO] CodeEngine:265 - oldGeneratedFile, C:\Users\JT\Desktop\Colorwars\TLC5947_Serial_System\Core\Src\stm32f4xx_it.c_save
2026-02-15 23:14:42,189 [INFO] CodeEngine:289 - Generated code: C:\Users\JT\Desktop\Colorwars\TLC5947_Serial_System\Core\Src\stm32f4xx_it.c
2026-02-15 23:14:42,194 [INFO] CodeEngine:265 - oldGeneratedFile, C:\Users\JT\Desktop\Colorwars\TLC5947_Serial_System\Core\Inc\stm32f4xx_it.h_save
2026-02-15 23:14:42,276 [INFO] CodeEngine:289 - Generated code: C:\Users\JT\Desktop\Colorwars\TLC5947_Serial_System\Core\Inc\stm32f4xx_it.h
2026-02-15 23:14:42,292 [INFO] CodeEngine:265 - oldGeneratedFile, C:\Users\JT\Desktop\Colorwars\TLC5947_Serial_System\Core\Src\stm32f4xx_hal_msp.c_save
2026-02-15 23:14:42,424 [INFO] CodeEngine:289 - Generated code: C:\Users\JT\Desktop\Colorwars\TLC5947_Serial_System\Core\Src\stm32f4xx_hal_msp.c
2026-02-15 23:14:42,427 [INFO] CodeEngine:265 - oldGeneratedFile, C:\Users\JT\Desktop\Colorwars\TLC5947_Serial_System\MXTmpFiles\system.tmp_save
2026-02-15 23:14:42,488 [INFO] CodeEngine:289 - Generated code: C:\Users\JT\Desktop\Colorwars\TLC5947_Serial_System\MXTmpFiles\system.tmp
2026-02-15 23:14:42,497 [INFO] CodeEngine:321 - oldGeneratedFile, C:\Users\JT\Desktop\Colorwars\TLC5947_Serial_System\Core\Inc\stm32f4xx_hal_conf.h_save
2026-02-15 23:14:42,561 [INFO] CodeEngine:345 - Generated code: C:\Users\JT\Desktop\Colorwars\TLC5947_Serial_System\Core\Inc\stm32f4xx_hal_conf.h
2026-02-15 23:14:42,581 [WARN] IPConfigManager:3238 - Warning: the RefConfig PLL2P_FOR_MCO is not available in your config.xml file
2026-02-15 23:14:42,593 [INFO] CodeEngine:265 - oldGeneratedFile, C:\Users\JT\Desktop\Colorwars\TLC5947_Serial_System\Core\Inc\main.h_save
2026-02-15 23:14:42,682 [INFO] CodeEngine:289 - Generated code: C:\Users\JT\Desktop\Colorwars\TLC5947_Serial_System\Core\Inc\main.h
2026-02-15 23:14:42,687 [INFO] CodeEngine:265 - oldGeneratedFile, C:\Users\JT\Desktop\Colorwars\TLC5947_Serial_System\Core\Src\main.c_save
2026-02-15 23:14:42,773 [INFO] CodeEngine:289 - Generated code: C:\Users\JT\Desktop\Colorwars\TLC5947_Serial_System\Core\Src\main.c
2026-02-15 23:14:43,149 [INFO] ProjectBuilder:3606 - Time for Copy HAL[1] : 137mS.
2026-02-15 23:14:43,151 [INFO] ProjectBuilder:5216 - Project Generator version: 4.7.0-B52
2026-02-15 23:14:43,283 [INFO] ConfigFileManager:1595 - The Die is : DIE421
2026-02-15 23:14:44,051 [INFO] ProjectBuilder:5496 - Time for Generating toolchain IDE Files: 900mS.
2026-02-15 23:14:44,051 [INFO] ProjectBuilder:3463 - Time for Copy CMSIS : 0mS.
2026-02-15 23:14:44,053 [INFO] ProjectBuilder:3463 - Time for Copy CMSIS : 0mS.
2026-02-15 23:20:44,879 [INFO] UtilMem:75 - End SaveConfig() Used Memory: 943406712 Bytes (1073741824)
2026-02-15 23:20:46,084 [INFO] UtilMem:75 - End SaveConfig() Used Memory: 970167872 Bytes (1073741824)
2026-02-15 23:20:47,419 [INFO] UtilMem:75 - End SaveConfig() Used Memory: 660321056 Bytes (1073741824)
2026-02-15 23:20:47,628 [INFO] BlockDiagram:2775 - set Specific Code input for plugin: SPI
2026-02-15 23:20:47,628 [INFO] BlockDiagram:2775 - set Specific Code input for plugin: SYS
2026-02-15 23:20:47,629 [INFO] BlockDiagram:2775 - set Specific Code input for plugin: RCC
2026-02-15 23:20:47,629 [INFO] BlockDiagram:2775 - set Specific Code input for plugin: NVIC
2026-02-15 23:20:47,629 [INFO] BlockDiagram:2775 - set Specific Code input for plugin: USART
2026-02-15 23:20:47,629 [INFO] BlockDiagram:2775 - set Specific Code input for plugin: GPIO
2026-02-15 23:20:47,630 [INFO] CodeGenerator:892 - code generatio: config db path: C:\ST\STM32CubeIDE_1.19.0\STM32CubeIDE\plugins\com.st.stm32cube.common.mx_6.15.0.202507011659\\db\
2026-02-15 23:20:47,748 [INFO] CodeEngine:265 - oldGeneratedFile, C:\Users\JT\Desktop\Colorwars\TLC5947_Serial_System\MXTmpFiles\license.tmp_save
2026-02-15 23:20:47,799 [INFO] CodeEngine:289 - Generated code: C:\Users\JT\Desktop\Colorwars\TLC5947_Serial_System\MXTmpFiles\license.tmp
2026-02-15 23:20:47,815 [INFO] CodeEngine:265 - oldGeneratedFile, C:\Users\JT\Desktop\Colorwars\TLC5947_Serial_System\MXTmpFiles\gpio.tmp_save
2026-02-15 23:20:47,868 [INFO] CodeEngine:289 - Generated code: C:\Users\JT\Desktop\Colorwars\TLC5947_Serial_System\MXTmpFiles\gpio.tmp
2026-02-15 23:20:47,921 [INFO] CodeEngine:265 - oldGeneratedFile, C:\Users\JT\Desktop\Colorwars\TLC5947_Serial_System\Core\Src\stm32f4xx_it.c_save
2026-02-15 23:20:47,975 [INFO] CodeEngine:289 - Generated code: C:\Users\JT\Desktop\Colorwars\TLC5947_Serial_System\Core\Src\stm32f4xx_it.c
2026-02-15 23:20:47,979 [INFO] CodeEngine:265 - oldGeneratedFile, C:\Users\JT\Desktop\Colorwars\TLC5947_Serial_System\Core\Inc\stm32f4xx_it.h_save
2026-02-15 23:20:48,028 [INFO] CodeEngine:289 - Generated code: C:\Users\JT\Desktop\Colorwars\TLC5947_Serial_System\Core\Inc\stm32f4xx_it.h
2026-02-15 23:20:48,036 [INFO] CodeEngine:265 - oldGeneratedFile, C:\Users\JT\Desktop\Colorwars\TLC5947_Serial_System\Core\Src\stm32f4xx_hal_msp.c_save
2026-02-15 23:20:48,111 [INFO] CodeEngine:289 - Generated code: C:\Users\JT\Desktop\Colorwars\TLC5947_Serial_System\Core\Src\stm32f4xx_hal_msp.c
2026-02-15 23:20:48,115 [INFO] CodeEngine:265 - oldGeneratedFile, C:\Users\JT\Desktop\Colorwars\TLC5947_Serial_System\MXTmpFiles\system.tmp_save
2026-02-15 23:20:48,159 [INFO] CodeEngine:289 - Generated code: C:\Users\JT\Desktop\Colorwars\TLC5947_Serial_System\MXTmpFiles\system.tmp
2026-02-15 23:20:48,167 [INFO] CodeEngine:321 - oldGeneratedFile, C:\Users\JT\Desktop\Colorwars\TLC5947_Serial_System\Core\Inc\stm32f4xx_hal_conf.h_save
2026-02-15 23:20:48,220 [INFO] CodeEngine:345 - Generated code: C:\Users\JT\Desktop\Colorwars\TLC5947_Serial_System\Core\Inc\stm32f4xx_hal_conf.h
2026-02-15 23:20:48,234 [WARN] IPConfigManager:3238 - Warning: the RefConfig PLL2P_FOR_MCO is not available in your config.xml file
2026-02-15 23:20:48,243 [INFO] CodeEngine:265 - oldGeneratedFile, C:\Users\JT\Desktop\Colorwars\TLC5947_Serial_System\Core\Inc\main.h_save
2026-02-15 23:20:48,295 [INFO] CodeEngine:289 - Generated code: C:\Users\JT\Desktop\Colorwars\TLC5947_Serial_System\Core\Inc\main.h
2026-02-15 23:20:48,300 [INFO] CodeEngine:265 - oldGeneratedFile, C:\Users\JT\Desktop\Colorwars\TLC5947_Serial_System\Core\Src\main.c_save
2026-02-15 23:20:48,378 [INFO] CodeEngine:289 - Generated code: C:\Users\JT\Desktop\Colorwars\TLC5947_Serial_System\Core\Src\main.c
2026-02-15 23:20:48,624 [INFO] ProjectBuilder:3606 - Time for Copy HAL[1] : 98mS.
2026-02-15 23:20:48,626 [INFO] ProjectBuilder:5216 - Project Generator version: 4.7.0-B52
2026-02-15 23:20:48,702 [INFO] ConfigFileManager:1595 - The Die is : DIE421
2026-02-15 23:20:49,247 [INFO] ProjectBuilder:5496 - Time for Generating toolchain IDE Files: 621mS.
2026-02-15 23:20:49,248 [INFO] ProjectBuilder:3463 - Time for Copy CMSIS : 1mS.
2026-02-15 23:20:49,249 [INFO] ProjectBuilder:3463 - Time for Copy CMSIS : 0mS.
2026-02-15 23:26:27,702 [INFO] UtilMem:75 - End SaveConfig() Used Memory: 854302864 Bytes (1073741824)
2026-02-15 23:26:27,870 [INFO] UtilMem:75 - End SaveConfig() Used Memory: 885277304 Bytes (1073741824)
2026-02-15 23:26:28,012 [INFO] BlockDiagram:2775 - set Specific Code input for plugin: SPI
2026-02-15 23:26:28,013 [INFO] BlockDiagram:2775 - set Specific Code input for plugin: SYS
2026-02-15 23:26:28,013 [INFO] BlockDiagram:2775 - set Specific Code input for plugin: RCC
2026-02-15 23:26:28,013 [INFO] BlockDiagram:2775 - set Specific Code input for plugin: NVIC
2026-02-15 23:26:28,013 [INFO] BlockDiagram:2775 - set Specific Code input for plugin: USART
2026-02-15 23:26:28,013 [INFO] BlockDiagram:2775 - set Specific Code input for plugin: GPIO
2026-02-15 23:26:28,014 [INFO] CodeGenerator:892 - code generatio: config db path: C:\ST\STM32CubeIDE_1.19.0\STM32CubeIDE\plugins\com.st.stm32cube.common.mx_6.15.0.202507011659\\db\
2026-02-15 23:26:28,100 [INFO] CodeEngine:265 - oldGeneratedFile, C:\Users\JT\Desktop\Colorwars\TLC5947_Serial_System\MXTmpFiles\license.tmp_save
2026-02-15 23:26:28,153 [INFO] CodeEngine:289 - Generated code: C:\Users\JT\Desktop\Colorwars\TLC5947_Serial_System\MXTmpFiles\license.tmp
2026-02-15 23:26:28,170 [INFO] CodeEngine:265 - oldGeneratedFile, C:\Users\JT\Desktop\Colorwars\TLC5947_Serial_System\MXTmpFiles\gpio.tmp_save
2026-02-15 23:26:28,219 [INFO] CodeEngine:289 - Generated code: C:\Users\JT\Desktop\Colorwars\TLC5947_Serial_System\MXTmpFiles\gpio.tmp
2026-02-15 23:26:28,276 [INFO] CodeEngine:265 - oldGeneratedFile, C:\Users\JT\Desktop\Colorwars\TLC5947_Serial_System\Core\Src\stm32f4xx_it.c_save
2026-02-15 23:26:28,331 [INFO] CodeEngine:289 - Generated code: C:\Users\JT\Desktop\Colorwars\TLC5947_Serial_System\Core\Src\stm32f4xx_it.c
2026-02-15 23:26:28,335 [INFO] CodeEngine:265 - oldGeneratedFile, C:\Users\JT\Desktop\Colorwars\TLC5947_Serial_System\Core\Inc\stm32f4xx_it.h_save
2026-02-15 23:26:28,381 [INFO] CodeEngine:289 - Generated code: C:\Users\JT\Desktop\Colorwars\TLC5947_Serial_System\Core\Inc\stm32f4xx_it.h
2026-02-15 23:26:28,390 [INFO] CodeEngine:265 - oldGeneratedFile, C:\Users\JT\Desktop\Colorwars\TLC5947_Serial_System\Core\Src\stm32f4xx_hal_msp.c_save
2026-02-15 23:26:28,461 [INFO] CodeEngine:289 - Generated code: C:\Users\JT\Desktop\Colorwars\TLC5947_Serial_System\Core\Src\stm32f4xx_hal_msp.c
2026-02-15 23:26:28,463 [INFO] CodeEngine:265 - oldGeneratedFile, C:\Users\JT\Desktop\Colorwars\TLC5947_Serial_System\MXTmpFiles\system.tmp_save
2026-02-15 23:26:28,506 [INFO] CodeEngine:289 - Generated code: C:\Users\JT\Desktop\Colorwars\TLC5947_Serial_System\MXTmpFiles\system.tmp
2026-02-15 23:26:28,515 [INFO] CodeEngine:321 - oldGeneratedFile, C:\Users\JT\Desktop\Colorwars\TLC5947_Serial_System\Core\Inc\stm32f4xx_hal_conf.h_save
2026-02-15 23:26:28,567 [INFO] CodeEngine:345 - Generated code: C:\Users\JT\Desktop\Colorwars\TLC5947_Serial_System\Core\Inc\stm32f4xx_hal_conf.h
2026-02-15 23:26:28,580 [WARN] IPConfigManager:3238 - Warning: the RefConfig PLL2P_FOR_MCO is not available in your config.xml file
2026-02-15 23:26:28,588 [INFO] CodeEngine:265 - oldGeneratedFile, C:\Users\JT\Desktop\Colorwars\TLC5947_Serial_System\Core\Inc\main.h_save
2026-02-15 23:26:28,641 [INFO] CodeEngine:289 - Generated code: C:\Users\JT\Desktop\Colorwars\TLC5947_Serial_System\Core\Inc\main.h
2026-02-15 23:26:28,645 [INFO] CodeEngine:265 - oldGeneratedFile, C:\Users\JT\Desktop\Colorwars\TLC5947_Serial_System\Core\Src\main.c_save
2026-02-15 23:26:28,722 [INFO] CodeEngine:289 - Generated code: C:\Users\JT\Desktop\Colorwars\TLC5947_Serial_System\Core\Src\main.c
2026-02-15 23:26:29,027 [INFO] ProjectBuilder:3606 - Time for Copy HAL[1] : 97mS.
2026-02-15 23:26:29,029 [INFO] ProjectBuilder:5216 - Project Generator version: 4.7.0-B52
2026-02-15 23:26:29,114 [INFO] ConfigFileManager:1595 - The Die is : DIE421
2026-02-15 23:26:29,671 [INFO] ProjectBuilder:5496 - Time for Generating toolchain IDE Files: 642mS.
2026-02-15 23:26:29,671 [INFO] ProjectBuilder:3463 - Time for Copy CMSIS : 0mS.
2026-02-15 23:26:29,673 [INFO] ProjectBuilder:3463 - Time for Copy CMSIS : 0mS.
2026-02-15 23:26:49,420 [INFO] NvicIntPanel:101 - NVIC parent = com.st.microxplorer.plugins.ip.nvic.MultiNvicIntPanel[,0,0,0x0,invalid,layout=javax.swing.BoxLayout,alignmentX=0.0,alignmentY=0.0,border=,flags=9,maximumSize=,minimumSize=,preferredSize=]
2026-02-15 23:26:50,339 [INFO] NvicIntPanel:101 - NVIC parent = com.st.microxplorer.plugins.ip.nvic.MultiNvicIntPanel[,0,0,0x0,invalid,layout=javax.swing.BoxLayout,alignmentX=0.0,alignmentY=0.0,border=,flags=9,maximumSize=,minimumSize=,preferredSize=]
2026-02-15 23:26:51,591 [INFO] UtilMem:75 - End SaveConfig() Used Memory: 857193520 Bytes (1073741824)
2026-02-15 23:26:53,236 [INFO] UtilMem:75 - End SaveConfig() Used Memory: 882359344 Bytes (1073741824)
2026-02-15 23:26:55,165 [INFO] UtilMem:75 - End SaveConfig() Used Memory: 925873200 Bytes (1073741824)
2026-02-15 23:26:55,369 [INFO] BlockDiagram:2775 - set Specific Code input for plugin: SPI
2026-02-15 23:26:55,369 [INFO] BlockDiagram:2775 - set Specific Code input for plugin: SYS
2026-02-15 23:26:55,369 [INFO] BlockDiagram:2775 - set Specific Code input for plugin: RCC
2026-02-15 23:26:55,369 [INFO] BlockDiagram:2775 - set Specific Code input for plugin: NVIC
2026-02-15 23:26:55,369 [INFO] BlockDiagram:2775 - set Specific Code input for plugin: USART
2026-02-15 23:26:55,369 [INFO] BlockDiagram:2775 - set Specific Code input for plugin: GPIO
2026-02-15 23:26:55,371 [INFO] CodeGenerator:892 - code generatio: config db path: C:\ST\STM32CubeIDE_1.19.0\STM32CubeIDE\plugins\com.st.stm32cube.common.mx_6.15.0.202507011659\\db\
2026-02-15 23:26:55,474 [INFO] CodeEngine:265 - oldGeneratedFile, C:\Users\JT\Desktop\Colorwars\TLC5947_Serial_System\MXTmpFiles\license.tmp_save
2026-02-15 23:26:55,525 [INFO] CodeEngine:289 - Generated code: C:\Users\JT\Desktop\Colorwars\TLC5947_Serial_System\MXTmpFiles\license.tmp
2026-02-15 23:26:55,543 [INFO] CodeEngine:265 - oldGeneratedFile, C:\Users\JT\Desktop\Colorwars\TLC5947_Serial_System\MXTmpFiles\gpio.tmp_save
2026-02-15 23:26:55,599 [INFO] CodeEngine:289 - Generated code: C:\Users\JT\Desktop\Colorwars\TLC5947_Serial_System\MXTmpFiles\gpio.tmp
2026-02-15 23:26:55,680 [INFO] CodeEngine:265 - oldGeneratedFile, C:\Users\JT\Desktop\Colorwars\TLC5947_Serial_System\Core\Src\stm32f4xx_it.c_save
2026-02-15 23:26:55,733 [INFO] CodeEngine:289 - Generated code: C:\Users\JT\Desktop\Colorwars\TLC5947_Serial_System\Core\Src\stm32f4xx_it.c
2026-02-15 23:26:55,737 [INFO] CodeEngine:265 - oldGeneratedFile, C:\Users\JT\Desktop\Colorwars\TLC5947_Serial_System\Core\Inc\stm32f4xx_it.h_save
2026-02-15 23:26:55,786 [INFO] CodeEngine:289 - Generated code: C:\Users\JT\Desktop\Colorwars\TLC5947_Serial_System\Core\Inc\stm32f4xx_it.h
2026-02-15 23:26:55,794 [INFO] CodeEngine:265 - oldGeneratedFile, C:\Users\JT\Desktop\Colorwars\TLC5947_Serial_System\Core\Src\stm32f4xx_hal_msp.c_save
2026-02-15 23:26:55,862 [INFO] CodeEngine:289 - Generated code: C:\Users\JT\Desktop\Colorwars\TLC5947_Serial_System\Core\Src\stm32f4xx_hal_msp.c
2026-02-15 23:26:55,866 [INFO] CodeEngine:265 - oldGeneratedFile, C:\Users\JT\Desktop\Colorwars\TLC5947_Serial_System\MXTmpFiles\system.tmp_save
2026-02-15 23:26:55,910 [INFO] CodeEngine:289 - Generated code: C:\Users\JT\Desktop\Colorwars\TLC5947_Serial_System\MXTmpFiles\system.tmp
2026-02-15 23:26:55,917 [INFO] CodeEngine:321 - oldGeneratedFile, C:\Users\JT\Desktop\Colorwars\TLC5947_Serial_System\Core\Inc\stm32f4xx_hal_conf.h_save
2026-02-15 23:26:55,969 [INFO] CodeEngine:345 - Generated code: C:\Users\JT\Desktop\Colorwars\TLC5947_Serial_System\Core\Inc\stm32f4xx_hal_conf.h
2026-02-15 23:26:55,982 [WARN] IPConfigManager:3238 - Warning: the RefConfig PLL2P_FOR_MCO is not available in your config.xml file
2026-02-15 23:26:55,990 [INFO] CodeEngine:265 - oldGeneratedFile, C:\Users\JT\Desktop\Colorwars\TLC5947_Serial_System\Core\Inc\main.h_save
2026-02-15 23:26:56,042 [INFO] CodeEngine:289 - Generated code: C:\Users\JT\Desktop\Colorwars\TLC5947_Serial_System\Core\Inc\main.h
2026-02-15 23:26:56,046 [INFO] CodeEngine:265 - oldGeneratedFile, C:\Users\JT\Desktop\Colorwars\TLC5947_Serial_System\Core\Src\main.c_save
2026-02-15 23:26:56,119 [INFO] CodeEngine:289 - Generated code: C:\Users\JT\Desktop\Colorwars\TLC5947_Serial_System\Core\Src\main.c
2026-02-15 23:26:56,356 [INFO] ProjectBuilder:3606 - Time for Copy HAL[1] : 93mS.
2026-02-15 23:26:56,357 [INFO] ProjectBuilder:5216 - Project Generator version: 4.7.0-B52
2026-02-15 23:26:56,428 [INFO] ConfigFileManager:1595 - The Die is : DIE421
2026-02-15 23:26:56,898 [INFO] ProjectBuilder:5496 - Time for Generating toolchain IDE Files: 540mS.
2026-02-15 23:26:56,898 [INFO] ProjectBuilder:3463 - Time for Copy CMSIS : 0mS.
2026-02-15 23:26:56,900 [INFO] ProjectBuilder:3463 - Time for Copy CMSIS : 0mS.
2026-02-15 23:27:02,991 [INFO] UtilMem:75 - End SaveConfig() Used Memory: 909483264 Bytes (1073741824)
2026-02-15 23:27:03,165 [INFO] BlockDiagram:2775 - set Specific Code input for plugin: SPI
2026-02-15 23:27:03,165 [INFO] BlockDiagram:2775 - set Specific Code input for plugin: SYS
2026-02-15 23:27:03,165 [INFO] BlockDiagram:2775 - set Specific Code input for plugin: RCC
2026-02-15 23:27:03,165 [INFO] BlockDiagram:2775 - set Specific Code input for plugin: NVIC
2026-02-15 23:27:03,165 [INFO] BlockDiagram:2775 - set Specific Code input for plugin: USART
2026-02-15 23:27:03,165 [INFO] BlockDiagram:2775 - set Specific Code input for plugin: GPIO
2026-02-15 23:27:03,166 [INFO] CodeGenerator:892 - code generatio: config db path: C:\ST\STM32CubeIDE_1.19.0\STM32CubeIDE\plugins\com.st.stm32cube.common.mx_6.15.0.202507011659\\db\
2026-02-15 23:27:03,277 [INFO] CodeEngine:265 - oldGeneratedFile, C:\Users\JT\Desktop\Colorwars\TLC5947_Serial_System\MXTmpFiles\license.tmp_save
2026-02-15 23:27:03,336 [INFO] CodeEngine:289 - Generated code: C:\Users\JT\Desktop\Colorwars\TLC5947_Serial_System\MXTmpFiles\license.tmp
2026-02-15 23:27:03,354 [INFO] CodeEngine:265 - oldGeneratedFile, C:\Users\JT\Desktop\Colorwars\TLC5947_Serial_System\MXTmpFiles\gpio.tmp_save
2026-02-15 23:27:03,412 [INFO] CodeEngine:289 - Generated code: C:\Users\JT\Desktop\Colorwars\TLC5947_Serial_System\MXTmpFiles\gpio.tmp
2026-02-15 23:27:03,483 [INFO] CodeEngine:265 - oldGeneratedFile, C:\Users\JT\Desktop\Colorwars\TLC5947_Serial_System\Core\Src\stm32f4xx_it.c_save
2026-02-15 23:27:03,538 [INFO] CodeEngine:289 - Generated code: C:\Users\JT\Desktop\Colorwars\TLC5947_Serial_System\Core\Src\stm32f4xx_it.c
2026-02-15 23:27:03,542 [INFO] CodeEngine:265 - oldGeneratedFile, C:\Users\JT\Desktop\Colorwars\TLC5947_Serial_System\Core\Inc\stm32f4xx_it.h_save
2026-02-15 23:27:03,589 [INFO] CodeEngine:289 - Generated code: C:\Users\JT\Desktop\Colorwars\TLC5947_Serial_System\Core\Inc\stm32f4xx_it.h
2026-02-15 23:27:03,598 [INFO] CodeEngine:265 - oldGeneratedFile, C:\Users\JT\Desktop\Colorwars\TLC5947_Serial_System\Core\Src\stm32f4xx_hal_msp.c_save
2026-02-15 23:27:03,667 [INFO] CodeEngine:289 - Generated code: C:\Users\JT\Desktop\Colorwars\TLC5947_Serial_System\Core\Src\stm32f4xx_hal_msp.c
2026-02-15 23:27:03,670 [INFO] CodeEngine:265 - oldGeneratedFile, C:\Users\JT\Desktop\Colorwars\TLC5947_Serial_System\MXTmpFiles\system.tmp_save
2026-02-15 23:27:03,713 [INFO] CodeEngine:289 - Generated code: C:\Users\JT\Desktop\Colorwars\TLC5947_Serial_System\MXTmpFiles\system.tmp
2026-02-15 23:27:03,719 [INFO] CodeEngine:321 - oldGeneratedFile, C:\Users\JT\Desktop\Colorwars\TLC5947_Serial_System\Core\Inc\stm32f4xx_hal_conf.h_save
2026-02-15 23:27:03,768 [INFO] CodeEngine:345 - Generated code: C:\Users\JT\Desktop\Colorwars\TLC5947_Serial_System\Core\Inc\stm32f4xx_hal_conf.h
2026-02-15 23:27:03,783 [WARN] IPConfigManager:3238 - Warning: the RefConfig PLL2P_FOR_MCO is not available in your config.xml file
2026-02-15 23:27:03,793 [INFO] CodeEngine:265 - oldGeneratedFile, C:\Users\JT\Desktop\Colorwars\TLC5947_Serial_System\Core\Inc\main.h_save
2026-02-15 23:27:03,843 [INFO] CodeEngine:289 - Generated code: C:\Users\JT\Desktop\Colorwars\TLC5947_Serial_System\Core\Inc\main.h
2026-02-15 23:27:03,847 [INFO] CodeEngine:265 - oldGeneratedFile, C:\Users\JT\Desktop\Colorwars\TLC5947_Serial_System\Core\Src\main.c_save
2026-02-15 23:27:03,920 [INFO] CodeEngine:289 - Generated code: C:\Users\JT\Desktop\Colorwars\TLC5947_Serial_System\Core\Src\main.c
2026-02-15 23:27:04,149 [INFO] ProjectBuilder:3606 - Time for Copy HAL[1] : 88mS.
2026-02-15 23:27:04,151 [INFO] ProjectBuilder:5216 - Project Generator version: 4.7.0-B52
2026-02-15 23:27:04,222 [INFO] ConfigFileManager:1595 - The Die is : DIE421
2026-02-15 23:27:04,708 [INFO] ProjectBuilder:5496 - Time for Generating toolchain IDE Files: 557mS.
2026-02-15 23:27:04,709 [INFO] ProjectBuilder:3463 - Time for Copy CMSIS : 1mS.
2026-02-15 23:27:04,711 [INFO] ProjectBuilder:3463 - Time for Copy CMSIS : 0mS.
2026-02-15 23:27:19,244 [INFO] NvicIntPanel:101 - NVIC parent = com.st.microxplorer.plugins.ip.nvic.MultiNvicIntPanel[,0,0,0x0,invalid,layout=javax.swing.BoxLayout,alignmentX=0.0,alignmentY=0.0,border=,flags=9,maximumSize=,minimumSize=,preferredSize=]
2026-02-15 23:27:24,645 [INFO] UtilMem:75 - End SaveConfig() Used Memory: 813810504 Bytes (1073741824)
2026-02-15 23:27:28,356 [INFO] UtilMem:75 - End SaveConfig() Used Memory: 840024904 Bytes (1073741824)
2026-02-15 23:27:30,278 [INFO] UtilMem:75 - End SaveConfig() Used Memory: 884587336 Bytes (1073741824)
2026-02-15 23:27:30,441 [INFO] BlockDiagram:2775 - set Specific Code input for plugin: SPI
2026-02-15 23:27:30,441 [INFO] BlockDiagram:2775 - set Specific Code input for plugin: SYS
2026-02-15 23:27:30,441 [INFO] BlockDiagram:2775 - set Specific Code input for plugin: RCC
2026-02-15 23:27:30,441 [INFO] BlockDiagram:2775 - set Specific Code input for plugin: NVIC
2026-02-15 23:27:30,441 [INFO] BlockDiagram:2775 - set Specific Code input for plugin: USART
2026-02-15 23:27:30,441 [INFO] BlockDiagram:2775 - set Specific Code input for plugin: GPIO
2026-02-15 23:27:30,442 [INFO] CodeGenerator:892 - code generatio: config db path: C:\ST\STM32CubeIDE_1.19.0\STM32CubeIDE\plugins\com.st.stm32cube.common.mx_6.15.0.202507011659\\db\
2026-02-15 23:27:30,519 [INFO] CodeEngine:265 - oldGeneratedFile, C:\Users\JT\Desktop\Colorwars\TLC5947_Serial_System\MXTmpFiles\license.tmp_save
2026-02-15 23:27:30,577 [INFO] CodeEngine:289 - Generated code: C:\Users\JT\Desktop\Colorwars\TLC5947_Serial_System\MXTmpFiles\license.tmp
2026-02-15 23:27:30,590 [INFO] CodeEngine:265 - oldGeneratedFile, C:\Users\JT\Desktop\Colorwars\TLC5947_Serial_System\MXTmpFiles\gpio.tmp_save
2026-02-15 23:27:30,636 [INFO] CodeEngine:289 - Generated code: C:\Users\JT\Desktop\Colorwars\TLC5947_Serial_System\MXTmpFiles\gpio.tmp
2026-02-15 23:27:30,679 [INFO] CodeEngine:265 - oldGeneratedFile, C:\Users\JT\Desktop\Colorwars\TLC5947_Serial_System\Core\Src\stm32f4xx_it.c_save
2026-02-15 23:27:30,728 [INFO] CodeEngine:289 - Generated code: C:\Users\JT\Desktop\Colorwars\TLC5947_Serial_System\Core\Src\stm32f4xx_it.c
2026-02-15 23:27:30,731 [INFO] CodeEngine:265 - oldGeneratedFile, C:\Users\JT\Desktop\Colorwars\TLC5947_Serial_System\Core\Inc\stm32f4xx_it.h_save
2026-02-15 23:27:30,777 [INFO] CodeEngine:289 - Generated code: C:\Users\JT\Desktop\Colorwars\TLC5947_Serial_System\Core\Inc\stm32f4xx_it.h
2026-02-15 23:27:30,785 [INFO] CodeEngine:265 - oldGeneratedFile, C:\Users\JT\Desktop\Colorwars\TLC5947_Serial_System\Core\Src\stm32f4xx_hal_msp.c_save
2026-02-15 23:27:30,852 [INFO] CodeEngine:289 - Generated code: C:\Users\JT\Desktop\Colorwars\TLC5947_Serial_System\Core\Src\stm32f4xx_hal_msp.c
2026-02-15 23:27:30,855 [INFO] CodeEngine:265 - oldGeneratedFile, C:\Users\JT\Desktop\Colorwars\TLC5947_Serial_System\MXTmpFiles\system.tmp_save
2026-02-15 23:27:30,896 [INFO] CodeEngine:289 - Generated code: C:\Users\JT\Desktop\Colorwars\TLC5947_Serial_System\MXTmpFiles\system.tmp
2026-02-15 23:27:30,903 [INFO] CodeEngine:321 - oldGeneratedFile, C:\Users\JT\Desktop\Colorwars\TLC5947_Serial_System\Core\Inc\stm32f4xx_hal_conf.h_save
2026-02-15 23:27:30,953 [INFO] CodeEngine:345 - Generated code: C:\Users\JT\Desktop\Colorwars\TLC5947_Serial_System\Core\Inc\stm32f4xx_hal_conf.h
2026-02-15 23:27:30,966 [WARN] IPConfigManager:3238 - Warning: the RefConfig PLL2P_FOR_MCO is not available in your config.xml file
2026-02-15 23:27:30,974 [INFO] CodeEngine:265 - oldGeneratedFile, C:\Users\JT\Desktop\Colorwars\TLC5947_Serial_System\Core\Inc\main.h_save
2026-02-15 23:27:31,028 [INFO] CodeEngine:289 - Generated code: C:\Users\JT\Desktop\Colorwars\TLC5947_Serial_System\Core\Inc\main.h
2026-02-15 23:27:31,032 [INFO] CodeEngine:265 - oldGeneratedFile, C:\Users\JT\Desktop\Colorwars\TLC5947_Serial_System\Core\Src\main.c_save
2026-02-15 23:27:31,108 [INFO] CodeEngine:289 - Generated code: C:\Users\JT\Desktop\Colorwars\TLC5947_Serial_System\Core\Src\main.c
2026-02-15 23:27:31,358 [INFO] ProjectBuilder:3606 - Time for Copy HAL[1] : 89mS.
2026-02-15 23:27:31,360 [INFO] ProjectBuilder:5216 - Project Generator version: 4.7.0-B52
2026-02-15 23:27:31,435 [INFO] ConfigFileManager:1595 - The Die is : DIE421
2026-02-15 23:27:31,961 [INFO] ProjectBuilder:5496 - Time for Generating toolchain IDE Files: 601mS.
2026-02-15 23:27:31,962 [INFO] ProjectBuilder:3463 - Time for Copy CMSIS : 1mS.
2026-02-15 23:27:31,964 [INFO] ProjectBuilder:3463 - Time for Copy CMSIS : 0mS.
